{"C:\\Users\\dpmal\\projects\\slicercompare\\components\\configuration\\ConfigurationCard.tsx": {"path":"C:\\Users\\dpmal\\projects\\slicercompare\\components\\configuration\\ConfigurationCard.tsx","statementMap":{"0":{"start":{"line":20,"column":34},"end":{"line":20,"column":null}},"1":{"start":{"line":23,"column":17},"end":{"line":23,"column":null}},"2":{"start":{"line":25,"column":2},"end":{"line":150,"column":null}},"3":{"start":{"line":46,"column":27},"end":{"line":46,"column":null}},"4":{"start":{"line":57,"column":27},"end":{"line":57,"column":null}},"5":{"start":{"line":68,"column":27},"end":{"line":68,"column":null}},"6":{"start":{"line":102,"column":23},"end":{"line":102,"column":null}}},"fnMap":{"0":{"name":"ConfigurationCard","decl":{"start":{"line":14,"column":16},"end":{"line":14,"column":34}},"loc":{"start":{"line":19,"column":27},"end":{"line":152,"column":null}},"line":19},"1":{"name":"(anonymous_1)","decl":{"start":{"line":46,"column":21},"end":{"line":46,"column":27}},"loc":{"start":{"line":46,"column":27},"end":{"line":46,"column":null}},"line":46},"2":{"name":"(anonymous_2)","decl":{"start":{"line":57,"column":21},"end":{"line":57,"column":27}},"loc":{"start":{"line":57,"column":27},"end":{"line":57,"column":null}},"line":57},"3":{"name":"(anonymous_3)","decl":{"start":{"line":68,"column":21},"end":{"line":68,"column":27}},"loc":{"start":{"line":68,"column":27},"end":{"line":68,"column":null}},"line":68},"4":{"name":"(anonymous_4)","decl":{"start":{"line":102,"column":17},"end":{"line":102,"column":23}},"loc":{"start":{"line":102,"column":23},"end":{"line":102,"column":null}},"line":102}},"branchMap":{"0":{"loc":{"start":{"line":33,"column":13},"end":{"line":36,"column":null}},"type":"binary-expr","locations":[{"start":{"line":33,"column":13},"end":{"line":33,"column":null}},{"start":{"line":34,"column":14},"end":{"line":36,"column":null}}],"line":33},"1":{"loc":{"start":{"line":105,"column":9},"end":{"line":105,"column":null}},"type":"cond-expr","locations":[{"start":{"line":105,"column":22},"end":{"line":105,"column":36}},{"start":{"line":105,"column":36},"end":{"line":105,"column":null}}],"line":105},"2":{"loc":{"start":{"line":107,"column":53},"end":{"line":107,"column":83}},"type":"cond-expr","locations":[{"start":{"line":107,"column":66},"end":{"line":107,"column":81}},{"start":{"line":107,"column":81},"end":{"line":107,"column":83}}],"line":107},"3":{"loc":{"start":{"line":116,"column":7},"end":{"line":148,"column":null}},"type":"binary-expr","locations":[{"start":{"line":116,"column":7},"end":{"line":116,"column":null}},{"start":{"line":117,"column":8},"end":{"line":148,"column":null}}],"line":116},"4":{"loc":{"start":{"line":118,"column":11},"end":{"line":122,"column":null}},"type":"binary-expr","locations":[{"start":{"line":118,"column":11},"end":{"line":118,"column":null}},{"start":{"line":119,"column":12},"end":{"line":122,"column":null}}],"line":118},"5":{"loc":{"start":{"line":124,"column":11},"end":{"line":128,"column":null}},"type":"binary-expr","locations":[{"start":{"line":124,"column":11},"end":{"line":124,"column":null}},{"start":{"line":125,"column":12},"end":{"line":128,"column":null}}],"line":124},"6":{"loc":{"start":{"line":130,"column":11},"end":{"line":134,"column":null}},"type":"binary-expr","locations":[{"start":{"line":130,"column":11},"end":{"line":130,"column":null}},{"start":{"line":131,"column":12},"end":{"line":134,"column":null}}],"line":130},"7":{"loc":{"start":{"line":136,"column":11},"end":{"line":140,"column":null}},"type":"binary-expr","locations":[{"start":{"line":136,"column":11},"end":{"line":136,"column":null}},{"start":{"line":137,"column":12},"end":{"line":140,"column":null}}],"line":136},"8":{"loc":{"start":{"line":142,"column":11},"end":{"line":146,"column":null}},"type":"binary-expr","locations":[{"start":{"line":142,"column":11},"end":{"line":142,"column":null}},{"start":{"line":143,"column":12},"end":{"line":146,"column":null}}],"line":142}},"s":{"0":0,"1":0,"2":0,"3":0,"4":0,"5":0,"6":0},"f":{"0":0,"1":0,"2":0,"3":0,"4":0},"b":{"0":[0,0],"1":[0,0],"2":[0,0],"3":[0,0],"4":[0,0],"5":[0,0],"6":[0,0],"7":[0,0],"8":[0,0]},"meta":{"lastBranch":9,"lastFunction":5,"lastStatement":7,"seen":{"f:14:16:14:34":0,"s:20:34:20:Infinity":0,"s:23:17:23:Infinity":1,"s:25:2:150:Infinity":2,"b:33:13:33:Infinity:34:14:36:Infinity":0,"f:46:21:46:27":1,"s:46:27:46:Infinity":3,"f:57:21:57:27":2,"s:57:27:57:Infinity":4,"f:68:21:68:27":3,"s:68:27:68:Infinity":5,"f:102:17:102:23":4,"s:102:23:102:Infinity":6,"b:105:22:105:36:105:36:105:Infinity":1,"b:107:66:107:81:107:81:107:83":2,"b:116:7:116:Infinity:117:8:148:Infinity":3,"b:118:11:118:Infinity:119:12:122:Infinity":4,"b:124:11:124:Infinity:125:12:128:Infinity":5,"b:130:11:130:Infinity:131:12:134:Infinity":6,"b:136:11:136:Infinity:137:12:140:Infinity":7,"b:142:11:142:Infinity:143:12:146:Infinity":8}}}
,"C:\\Users\\dpmal\\projects\\slicercompare\\components\\configuration\\ConfigurationFormModal.tsx": {"path":"C:\\Users\\dpmal\\projects\\slicercompare\\components\\configuration\\ConfigurationFormModal.tsx","statementMap":{"0":{"start":{"line":27,"column":47},"end":{"line":35,"column":null}},"1":{"start":{"line":44,"column":30},"end":{"line":44,"column":null}},"2":{"start":{"line":45,"column":26},"end":{"line":45,"column":null}},"3":{"start":{"line":46,"column":38},"end":{"line":46,"column":null}},"4":{"start":{"line":47,"column":30},"end":{"line":47,"column":null}},"5":{"start":{"line":48,"column":28},"end":{"line":48,"column":null}},"6":{"start":{"line":50,"column":8},"end":{"line":50,"column":null}},"7":{"start":{"line":53,"column":2},"end":{"line":76,"column":null}},"8":{"start":{"line":54,"column":4},"end":{"line":75,"column":null}},"9":{"start":{"line":55,"column":6},"end":{"line":72,"column":null}},"10":{"start":{"line":56,"column":8},"end":{"line":59,"column":null}},"11":{"start":{"line":61,"column":34},"end":{"line":66,"column":null}},"12":{"start":{"line":68,"column":8},"end":{"line":68,"column":null}},"13":{"start":{"line":70,"column":8},"end":{"line":70,"column":null}},"14":{"start":{"line":71,"column":8},"end":{"line":71,"column":null}},"15":{"start":{"line":73,"column":6},"end":{"line":73,"column":null}},"16":{"start":{"line":74,"column":6},"end":{"line":74,"column":null}},"17":{"start":{"line":79,"column":2},"end":{"line":84,"column":null}},"18":{"start":{"line":80,"column":4},"end":{"line":83,"column":null}},"19":{"start":{"line":81,"column":25},"end":{"line":81,"column":null}},"20":{"start":{"line":82,"column":6},"end":{"line":82,"column":null}},"21":{"start":{"line":87,"column":2},"end":{"line":96,"column":null}},"22":{"start":{"line":88,"column":25},"end":{"line":92,"column":null}},"23":{"start":{"line":89,"column":6},"end":{"line":91,"column":null}},"24":{"start":{"line":90,"column":8},"end":{"line":90,"column":null}},"25":{"start":{"line":94,"column":4},"end":{"line":94,"column":null}},"26":{"start":{"line":95,"column":4},"end":{"line":95,"column":null}},"27":{"start":{"line":95,"column":17},"end":{"line":95,"column":null}},"28":{"start":{"line":98,"column":22},"end":{"line":104,"column":null}},"29":{"start":{"line":99,"column":4},"end":{"line":102,"column":null}},"30":{"start":{"line":100,"column":24},"end":{"line":100,"column":null}},"31":{"start":{"line":101,"column":6},"end":{"line":101,"column":null}},"32":{"start":{"line":101,"column":22},"end":{"line":101,"column":null}},"33":{"start":{"line":103,"column":4},"end":{"line":103,"column":null}},"34":{"start":{"line":106,"column":23},"end":{"line":121,"column":null}},"35":{"start":{"line":110,"column":4},"end":{"line":110,"column":null}},"36":{"start":{"line":110,"column":25},"end":{"line":110,"column":53}},"37":{"start":{"line":111,"column":4},"end":{"line":111,"column":null}},"38":{"start":{"line":114,"column":4},"end":{"line":120,"column":null}},"39":{"start":{"line":115,"column":6},"end":{"line":119,"column":null}},"40":{"start":{"line":116,"column":26},"end":{"line":116,"column":null}},"41":{"start":{"line":117,"column":8},"end":{"line":117,"column":null}},"42":{"start":{"line":118,"column":8},"end":{"line":118,"column":null}},"43":{"start":{"line":123,"column":32},"end":{"line":144,"column":null}},"44":{"start":{"line":127,"column":4},"end":{"line":133,"column":null}},"45":{"start":{"line":127,"column":25},"end":{"line":133,"column":6}},"46":{"start":{"line":134,"column":4},"end":{"line":134,"column":null}},"47":{"start":{"line":137,"column":4},"end":{"line":143,"column":null}},"48":{"start":{"line":138,"column":6},"end":{"line":142,"column":null}},"49":{"start":{"line":139,"column":26},"end":{"line":139,"column":null}},"50":{"start":{"line":140,"column":8},"end":{"line":140,"column":null}},"51":{"start":{"line":141,"column":8},"end":{"line":141,"column":null}},"52":{"start":{"line":146,"column":23},"end":{"line":172,"column":null}},"53":{"start":{"line":147,"column":4},"end":{"line":147,"column":null}},"54":{"start":{"line":150,"column":10},"end":{"line":153,"column":null}},"55":{"start":{"line":155,"column":4},"end":{"line":158,"column":null}},"56":{"start":{"line":156,"column":6},"end":{"line":156,"column":null}},"57":{"start":{"line":157,"column":6},"end":{"line":157,"column":null}},"58":{"start":{"line":161,"column":4},"end":{"line":161,"column":null}},"59":{"start":{"line":162,"column":4},"end":{"line":171,"column":null}},"60":{"start":{"line":163,"column":6},"end":{"line":163,"column":null}},"61":{"start":{"line":164,"column":6},"end":{"line":164,"column":null}},"62":{"start":{"line":165,"column":6},"end":{"line":165,"column":null}},"63":{"start":{"line":167,"column":6},"end":{"line":167,"column":null}},"64":{"start":{"line":170,"column":6},"end":{"line":170,"column":null}},"65":{"start":{"line":174,"column":2},"end":{"line":174,"column":null}},"66":{"start":{"line":174,"column":15},"end":{"line":174,"column":null}},"67":{"start":{"line":176,"column":21},"end":{"line":180,"column":null}},"68":{"start":{"line":182,"column":2},"end":{"line":367,"column":null}},"69":{"start":{"line":229,"column":37},"end":{"line":229,"column":null}},"70":{"start":{"line":236,"column":37},"end":{"line":236,"column":null}},"71":{"start":{"line":243,"column":37},"end":{"line":243,"column":null}},"72":{"start":{"line":250,"column":37},"end":{"line":250,"column":null}},"73":{"start":{"line":257,"column":37},"end":{"line":257,"column":null}},"74":{"start":{"line":265,"column":33},"end":{"line":265,"column":null}},"75":{"start":{"line":290,"column":41},"end":{"line":290,"column":null}},"76":{"start":{"line":310,"column":41},"end":{"line":310,"column":null}},"77":{"start":{"line":330,"column":41},"end":{"line":330,"column":null}}},"fnMap":{"0":{"name":"ConfigurationFormModal","decl":{"start":{"line":37,"column":16},"end":{"line":37,"column":39}},"loc":{"start":{"line":43,"column":32},"end":{"line":369,"column":null}},"line":43},"1":{"name":"(anonymous_1)","decl":{"start":{"line":53,"column":12},"end":{"line":53,"column":18}},"loc":{"start":{"line":53,"column":18},"end":{"line":76,"column":5}},"line":53},"2":{"name":"(anonymous_2)","decl":{"start":{"line":79,"column":12},"end":{"line":79,"column":18}},"loc":{"start":{"line":79,"column":18},"end":{"line":84,"column":5}},"line":79},"3":{"name":"(anonymous_3)","decl":{"start":{"line":87,"column":12},"end":{"line":87,"column":18}},"loc":{"start":{"line":87,"column":18},"end":{"line":96,"column":5}},"line":87},"4":{"name":"(anonymous_4)","decl":{"start":{"line":88,"column":25},"end":{"line":88,"column":26}},"loc":{"start":{"line":88,"column":47},"end":{"line":92,"column":null}},"line":88},"5":{"name":"(anonymous_5)","decl":{"start":{"line":95,"column":11},"end":{"line":95,"column":17}},"loc":{"start":{"line":95,"column":17},"end":{"line":95,"column":null}},"line":95},"6":{"name":"(anonymous_6)","decl":{"start":{"line":98,"column":22},"end":{"line":98,"column":28}},"loc":{"start":{"line":98,"column":28},"end":{"line":104,"column":null}},"line":98},"7":{"name":"(anonymous_7)","decl":{"start":{"line":106,"column":23},"end":{"line":106,"column":null}},"loc":{"start":{"line":109,"column":7},"end":{"line":121,"column":null}},"line":109},"8":{"name":"(anonymous_8)","decl":{"start":{"line":110,"column":16},"end":{"line":110,"column":25}},"loc":{"start":{"line":110,"column":25},"end":{"line":110,"column":53}},"line":110},"9":{"name":"(anonymous_9)","decl":{"start":{"line":115,"column":16},"end":{"line":115,"column":24}},"loc":{"start":{"line":115,"column":24},"end":{"line":119,"column":7}},"line":115},"10":{"name":"(anonymous_10)","decl":{"start":{"line":123,"column":32},"end":{"line":123,"column":null}},"loc":{"start":{"line":126,"column":7},"end":{"line":144,"column":null}},"line":126},"11":{"name":"(anonymous_11)","decl":{"start":{"line":127,"column":16},"end":{"line":127,"column":25}},"loc":{"start":{"line":127,"column":25},"end":{"line":133,"column":6}},"line":127},"12":{"name":"(anonymous_12)","decl":{"start":{"line":138,"column":16},"end":{"line":138,"column":24}},"loc":{"start":{"line":138,"column":24},"end":{"line":142,"column":7}},"line":138},"13":{"name":"(anonymous_13)","decl":{"start":{"line":146,"column":23},"end":{"line":146,"column":30}},"loc":{"start":{"line":146,"column":53},"end":{"line":172,"column":null}},"line":146},"14":{"name":"(anonymous_14)","decl":{"start":{"line":229,"column":26},"end":{"line":229,"column":27}},"loc":{"start":{"line":229,"column":37},"end":{"line":229,"column":null}},"line":229},"15":{"name":"(anonymous_15)","decl":{"start":{"line":236,"column":26},"end":{"line":236,"column":27}},"loc":{"start":{"line":236,"column":37},"end":{"line":236,"column":null}},"line":236},"16":{"name":"(anonymous_16)","decl":{"start":{"line":243,"column":26},"end":{"line":243,"column":27}},"loc":{"start":{"line":243,"column":37},"end":{"line":243,"column":null}},"line":243},"17":{"name":"(anonymous_17)","decl":{"start":{"line":250,"column":26},"end":{"line":250,"column":27}},"loc":{"start":{"line":250,"column":37},"end":{"line":250,"column":null}},"line":250},"18":{"name":"(anonymous_18)","decl":{"start":{"line":257,"column":26},"end":{"line":257,"column":27}},"loc":{"start":{"line":257,"column":37},"end":{"line":257,"column":null}},"line":257},"19":{"name":"(anonymous_19)","decl":{"start":{"line":265,"column":27},"end":{"line":265,"column":33}},"loc":{"start":{"line":265,"column":33},"end":{"line":265,"column":null}},"line":265},"20":{"name":"(anonymous_20)","decl":{"start":{"line":290,"column":34},"end":{"line":290,"column":35}},"loc":{"start":{"line":290,"column":41},"end":{"line":290,"column":null}},"line":290},"21":{"name":"(anonymous_21)","decl":{"start":{"line":310,"column":34},"end":{"line":310,"column":35}},"loc":{"start":{"line":310,"column":41},"end":{"line":310,"column":null}},"line":310},"22":{"name":"(anonymous_22)","decl":{"start":{"line":330,"column":34},"end":{"line":330,"column":35}},"loc":{"start":{"line":330,"column":41},"end":{"line":330,"column":null}},"line":330}},"branchMap":{"0":{"loc":{"start":{"line":42,"column":2},"end":{"line":42,"column":null}},"type":"default-arg","locations":[{"start":{"line":42,"column":9},"end":{"line":42,"column":null}}],"line":42},"1":{"loc":{"start":{"line":54,"column":4},"end":{"line":75,"column":null}},"type":"if","locations":[{"start":{"line":54,"column":4},"end":{"line":75,"column":null}},{"start":{},"end":{}}],"line":54},"2":{"loc":{"start":{"line":55,"column":6},"end":{"line":72,"column":null}},"type":"if","locations":[{"start":{"line":55,"column":6},"end":{"line":72,"column":null}},{"start":{"line":69,"column":13},"end":{"line":72,"column":null}}],"line":55},"3":{"loc":{"start":{"line":57,"column":23},"end":{"line":57,"column":null}},"type":"binary-expr","locations":[{"start":{"line":57,"column":23},"end":{"line":57,"column":52}},{"start":{"line":57,"column":52},"end":{"line":57,"column":null}}],"line":57},"4":{"loc":{"start":{"line":58,"column":22},"end":{"line":58,"column":null}},"type":"binary-expr","locations":[{"start":{"line":58,"column":22},"end":{"line":58,"column":50}},{"start":{"line":58,"column":50},"end":{"line":58,"column":null}}],"line":58},"5":{"loc":{"start":{"line":61,"column":34},"end":{"line":66,"column":null}},"type":"binary-expr","locations":[{"start":{"line":61,"column":34},"end":{"line":61,"column":null}},{"start":{"line":62,"column":10},"end":{"line":62,"column":null}},{"start":{"line":63,"column":10},"end":{"line":63,"column":null}},{"start":{"line":64,"column":10},"end":{"line":64,"column":null}},{"start":{"line":65,"column":10},"end":{"line":65,"column":null}},{"start":{"line":66,"column":10},"end":{"line":66,"column":null}}],"line":61},"6":{"loc":{"start":{"line":80,"column":4},"end":{"line":83,"column":null}},"type":"if","locations":[{"start":{"line":80,"column":4},"end":{"line":83,"column":null}},{"start":{},"end":{}}],"line":80},"7":{"loc":{"start":{"line":80,"column":8},"end":{"line":80,"column":35}},"type":"binary-expr","locations":[{"start":{"line":80,"column":8},"end":{"line":80,"column":18}},{"start":{"line":80,"column":18},"end":{"line":80,"column":35}}],"line":80},"8":{"loc":{"start":{"line":89,"column":6},"end":{"line":91,"column":null}},"type":"if","locations":[{"start":{"line":89,"column":6},"end":{"line":91,"column":null}},{"start":{},"end":{}}],"line":89},"9":{"loc":{"start":{"line":89,"column":10},"end":{"line":89,"column":40}},"type":"binary-expr","locations":[{"start":{"line":89,"column":10},"end":{"line":89,"column":32}},{"start":{"line":89,"column":32},"end":{"line":89,"column":40}}],"line":89},"10":{"loc":{"start":{"line":99,"column":4},"end":{"line":102,"column":null}},"type":"if","locations":[{"start":{"line":99,"column":4},"end":{"line":102,"column":null}},{"start":{},"end":{}}],"line":99},"11":{"loc":{"start":{"line":101,"column":6},"end":{"line":101,"column":null}},"type":"if","locations":[{"start":{"line":101,"column":6},"end":{"line":101,"column":null}},{"start":{},"end":{}}],"line":101},"12":{"loc":{"start":{"line":114,"column":4},"end":{"line":120,"column":null}},"type":"if","locations":[{"start":{"line":114,"column":4},"end":{"line":120,"column":null}},{"start":{},"end":{}}],"line":114},"13":{"loc":{"start":{"line":137,"column":4},"end":{"line":143,"column":null}},"type":"if","locations":[{"start":{"line":137,"column":4},"end":{"line":143,"column":null}},{"start":{},"end":{}}],"line":137},"14":{"loc":{"start":{"line":155,"column":4},"end":{"line":158,"column":null}},"type":"if","locations":[{"start":{"line":155,"column":4},"end":{"line":158,"column":null}},{"start":{},"end":{}}],"line":155},"15":{"loc":{"start":{"line":174,"column":2},"end":{"line":174,"column":null}},"type":"if","locations":[{"start":{"line":174,"column":2},"end":{"line":174,"column":null}},{"start":{},"end":{}}],"line":174},"16":{"loc":{"start":{"line":269,"column":63},"end":{"line":269,"column":94}},"type":"cond-expr","locations":[{"start":{"line":269,"column":78},"end":{"line":269,"column":92}},{"start":{"line":269,"column":92},"end":{"line":269,"column":94}}],"line":269},"17":{"loc":{"start":{"line":279,"column":17},"end":{"line":340,"column":null}},"type":"binary-expr","locations":[{"start":{"line":279,"column":17},"end":{"line":279,"column":null}},{"start":{"line":280,"column":18},"end":{"line":340,"column":null}}],"line":279},"18":{"loc":{"start":{"line":289,"column":31},"end":{"line":289,"column":null}},"type":"binary-expr","locations":[{"start":{"line":289,"column":31},"end":{"line":289,"column":66}},{"start":{"line":289,"column":66},"end":{"line":289,"column":null}}],"line":289},"19":{"loc":{"start":{"line":290,"column":78},"end":{"line":290,"column":133}},"type":"cond-expr","locations":[{"start":{"line":290,"column":95},"end":{"line":290,"column":124}},{"start":{"line":290,"column":124},"end":{"line":290,"column":133}}],"line":290},"20":{"loc":{"start":{"line":296,"column":23},"end":{"line":297,"column":null}},"type":"binary-expr","locations":[{"start":{"line":296,"column":23},"end":{"line":296,"column":null}},{"start":{"line":297,"column":24},"end":{"line":297,"column":null}}],"line":296},"21":{"loc":{"start":{"line":309,"column":31},"end":{"line":309,"column":null}},"type":"binary-expr","locations":[{"start":{"line":309,"column":31},"end":{"line":309,"column":73}},{"start":{"line":309,"column":73},"end":{"line":309,"column":null}}],"line":309},"22":{"loc":{"start":{"line":310,"column":85},"end":{"line":310,"column":142}},"type":"cond-expr","locations":[{"start":{"line":310,"column":102},"end":{"line":310,"column":133}},{"start":{"line":310,"column":133},"end":{"line":310,"column":142}}],"line":310},"23":{"loc":{"start":{"line":316,"column":23},"end":{"line":317,"column":null}},"type":"binary-expr","locations":[{"start":{"line":316,"column":23},"end":{"line":316,"column":null}},{"start":{"line":317,"column":24},"end":{"line":317,"column":null}}],"line":316},"24":{"loc":{"start":{"line":329,"column":31},"end":{"line":329,"column":null}},"type":"binary-expr","locations":[{"start":{"line":329,"column":31},"end":{"line":329,"column":70}},{"start":{"line":329,"column":70},"end":{"line":329,"column":null}}],"line":329},"25":{"loc":{"start":{"line":330,"column":82},"end":{"line":330,"column":139}},"type":"cond-expr","locations":[{"start":{"line":330,"column":99},"end":{"line":330,"column":130}},{"start":{"line":330,"column":130},"end":{"line":330,"column":139}}],"line":330},"26":{"loc":{"start":{"line":336,"column":23},"end":{"line":337,"column":null}},"type":"binary-expr","locations":[{"start":{"line":336,"column":23},"end":{"line":336,"column":null}},{"start":{"line":337,"column":24},"end":{"line":337,"column":null}}],"line":336},"27":{"loc":{"start":{"line":357,"column":26},"end":{"line":357,"column":null}},"type":"binary-expr","locations":[{"start":{"line":357,"column":26},"end":{"line":357,"column":38}},{"start":{"line":357,"column":26},"end":{"line":357,"column":null}}],"line":357},"28":{"loc":{"start":{"line":360,"column":17},"end":{"line":360,"column":null}},"type":"binary-expr","locations":[{"start":{"line":360,"column":17},"end":{"line":360,"column":29}},{"start":{"line":360,"column":29},"end":{"line":360,"column":null}}],"line":360},"29":{"loc":{"start":{"line":361,"column":17},"end":{"line":361,"column":null}},"type":"cond-expr","locations":[{"start":{"line":361,"column":28},"end":{"line":361,"column":42}},{"start":{"line":361,"column":42},"end":{"line":361,"column":null}}],"line":361}},"s":{"0":0,"1":0,"2":0,"3":0,"4":0,"5":0,"6":0,"7":0,"8":0,"9":0,"10":0,"11":0,"12":0,"13":0,"14":0,"15":0,"16":0,"17":0,"18":0,"19":0,"20":0,"21":0,"22":0,"23":0,"24":0,"25":0,"26":0,"27":0,"28":0,"29":0,"30":0,"31":0,"32":0,"33":0,"34":0,"35":0,"36":0,"37":0,"38":0,"39":0,"40":0,"41":0,"42":0,"43":0,"44":0,"45":0,"46":0,"47":0,"48":0,"49":0,"50":0,"51":0,"52":0,"53":0,"54":0,"55":0,"56":0,"57":0,"58":0,"59":0,"60":0,"61":0,"62":0,"63":0,"64":0,"65":0,"66":0,"67":0,"68":0,"69":0,"70":0,"71":0,"72":0,"73":0,"74":0,"75":0,"76":0,"77":0},"f":{"0":0,"1":0,"2":0,"3":0,"4":0,"5":0,"6":0,"7":0,"8":0,"9":0,"10":0,"11":0,"12":0,"13":0,"14":0,"15":0,"16":0,"17":0,"18":0,"19":0,"20":0,"21":0,"22":0},"b":{"0":[0],"1":[0,0],"2":[0,0],"3":[0,0],"4":[0,0],"5":[0,0,0,0,0,0],"6":[0,0],"7":[0,0],"8":[0,0],"9":[0,0],"10":[0,0],"11":[0,0],"12":[0,0],"13":[0,0],"14":[0,0],"15":[0,0],"16":[0,0],"17":[0,0],"18":[0,0],"19":[0,0],"20":[0,0],"21":[0,0],"22":[0,0],"23":[0,0],"24":[0,0],"25":[0,0],"26":[0,0],"27":[0,0],"28":[0,0],"29":[0,0]},"meta":{"lastBranch":30,"lastFunction":23,"lastStatement":78,"seen":{"s:27:47:35:Infinity":0,"f:37:16:37:39":0,"b:42:9:42:Infinity":0,"s:44:30:44:Infinity":1,"s:45:26:45:Infinity":2,"s:46:38:46:Infinity":3,"s:47:30:47:Infinity":4,"s:48:28:48:Infinity":5,"s:50:8:50:Infinity":6,"s:53:2:76:Infinity":7,"f:53:12:53:18":1,"b:54:4:75:Infinity:undefined:undefined:undefined:undefined":1,"s:54:4:75:Infinity":8,"b:55:6:72:Infinity:69:13:72:Infinity":2,"s:55:6:72:Infinity":9,"s:56:8:59:Infinity":10,"b:57:23:57:52:57:52:57:Infinity":3,"b:58:22:58:50:58:50:58:Infinity":4,"s:61:34:66:Infinity":11,"b:61:34:61:Infinity:62:10:62:Infinity:63:10:63:Infinity:64:10:64:Infinity:65:10:65:Infinity:66:10:66:Infinity":5,"s:68:8:68:Infinity":12,"s:70:8:70:Infinity":13,"s:71:8:71:Infinity":14,"s:73:6:73:Infinity":15,"s:74:6:74:Infinity":16,"s:79:2:84:Infinity":17,"f:79:12:79:18":2,"b:80:4:83:Infinity:undefined:undefined:undefined:undefined":6,"s:80:4:83:Infinity":18,"b:80:8:80:18:80:18:80:35":7,"s:81:25:81:Infinity":19,"s:82:6:82:Infinity":20,"s:87:2:96:Infinity":21,"f:87:12:87:18":3,"s:88:25:92:Infinity":22,"f:88:25:88:26":4,"b:89:6:91:Infinity:undefined:undefined:undefined:undefined":8,"s:89:6:91:Infinity":23,"b:89:10:89:32:89:32:89:40":9,"s:90:8:90:Infinity":24,"s:94:4:94:Infinity":25,"s:95:4:95:Infinity":26,"f:95:11:95:17":5,"s:95:17:95:Infinity":27,"s:98:22:104:Infinity":28,"f:98:22:98:28":6,"b:99:4:102:Infinity:undefined:undefined:undefined:undefined":10,"s:99:4:102:Infinity":29,"s:100:24:100:Infinity":30,"b:101:6:101:Infinity:undefined:undefined:undefined:undefined":11,"s:101:6:101:Infinity":31,"s:101:22:101:Infinity":32,"s:103:4:103:Infinity":33,"s:106:23:121:Infinity":34,"f:106:23:106:Infinity":7,"s:110:4:110:Infinity":35,"f:110:16:110:25":8,"s:110:25:110:53":36,"s:111:4:111:Infinity":37,"b:114:4:120:Infinity:undefined:undefined:undefined:undefined":12,"s:114:4:120:Infinity":38,"s:115:6:119:Infinity":39,"f:115:16:115:24":9,"s:116:26:116:Infinity":40,"s:117:8:117:Infinity":41,"s:118:8:118:Infinity":42,"s:123:32:144:Infinity":43,"f:123:32:123:Infinity":10,"s:127:4:133:Infinity":44,"f:127:16:127:25":11,"s:127:25:133:6":45,"s:134:4:134:Infinity":46,"b:137:4:143:Infinity:undefined:undefined:undefined:undefined":13,"s:137:4:143:Infinity":47,"s:138:6:142:Infinity":48,"f:138:16:138:24":12,"s:139:26:139:Infinity":49,"s:140:8:140:Infinity":50,"s:141:8:141:Infinity":51,"s:146:23:172:Infinity":52,"f:146:23:146:30":13,"s:147:4:147:Infinity":53,"s:150:10:153:Infinity":54,"b:155:4:158:Infinity:undefined:undefined:undefined:undefined":14,"s:155:4:158:Infinity":55,"s:156:6:156:Infinity":56,"s:157:6:157:Infinity":57,"s:161:4:161:Infinity":58,"s:162:4:171:Infinity":59,"s:163:6:163:Infinity":60,"s:164:6:164:Infinity":61,"s:165:6:165:Infinity":62,"s:167:6:167:Infinity":63,"s:170:6:170:Infinity":64,"b:174:2:174:Infinity:undefined:undefined:undefined:undefined":15,"s:174:2:174:Infinity":65,"s:174:15:174:Infinity":66,"s:176:21:180:Infinity":67,"s:182:2:367:Infinity":68,"f:229:26:229:27":14,"s:229:37:229:Infinity":69,"f:236:26:236:27":15,"s:236:37:236:Infinity":70,"f:243:26:243:27":16,"s:243:37:243:Infinity":71,"f:250:26:250:27":17,"s:250:37:250:Infinity":72,"f:257:26:257:27":18,"s:257:37:257:Infinity":73,"f:265:27:265:33":19,"s:265:33:265:Infinity":74,"b:269:78:269:92:269:92:269:94":16,"b:279:17:279:Infinity:280:18:340:Infinity":17,"b:289:31:289:66:289:66:289:Infinity":18,"f:290:34:290:35":20,"s:290:41:290:Infinity":75,"b:290:95:290:124:290:124:290:133":19,"b:296:23:296:Infinity:297:24:297:Infinity":20,"b:309:31:309:73:309:73:309:Infinity":21,"f:310:34:310:35":21,"s:310:41:310:Infinity":76,"b:310:102:310:133:310:133:310:142":22,"b:316:23:316:Infinity:317:24:317:Infinity":23,"b:329:31:329:70:329:70:329:Infinity":24,"f:330:34:330:35":22,"s:330:41:330:Infinity":77,"b:330:99:330:130:330:130:330:139":25,"b:336:23:336:Infinity:337:24:337:Infinity":26,"b:357:26:357:38:357:26:357:Infinity":27,"b:360:17:360:29:360:29:360:Infinity":28,"b:361:28:361:42:361:42:361:Infinity":29}}}
,"C:\\Users\\dpmal\\projects\\slicercompare\\components\\forms\\ConfigurationNameInput.tsx": {"path":"C:\\Users\\dpmal\\projects\\slicercompare\\components\\forms\\ConfigurationNameInput.tsx","statementMap":{"0":{"start":{"line":20,"column":2},"end":{"line":53,"column":null}},"1":{"start":{"line":33,"column":25},"end":{"line":33,"column":null}}},"fnMap":{"0":{"name":"ConfigurationNameInput","decl":{"start":{"line":12,"column":16},"end":{"line":12,"column":39}},"loc":{"start":{"line":19,"column":32},"end":{"line":55,"column":null}},"line":19},"1":{"name":"(anonymous_1)","decl":{"start":{"line":33,"column":18},"end":{"line":33,"column":19}},"loc":{"start":{"line":33,"column":25},"end":{"line":33,"column":null}},"line":33}},"branchMap":{"0":{"loc":{"start":{"line":16,"column":2},"end":{"line":16,"column":null}},"type":"default-arg","locations":[{"start":{"line":16,"column":7},"end":{"line":16,"column":null}}],"line":16},"1":{"loc":{"start":{"line":17,"column":2},"end":{"line":17,"column":null}},"type":"default-arg","locations":[{"start":{"line":17,"column":10},"end":{"line":17,"column":null}}],"line":17},"2":{"loc":{"start":{"line":18,"column":2},"end":{"line":18,"column":null}},"type":"default-arg","locations":[{"start":{"line":18,"column":13},"end":{"line":18,"column":null}}],"line":18},"3":{"loc":{"start":{"line":27,"column":9},"end":{"line":27,"column":null}},"type":"binary-expr","locations":[{"start":{"line":27,"column":9},"end":{"line":27,"column":21}},{"start":{"line":27,"column":21},"end":{"line":27,"column":null}}],"line":27},"4":{"loc":{"start":{"line":35,"column":10},"end":{"line":37,"column":null}},"type":"cond-expr","locations":[{"start":{"line":36,"column":14},"end":{"line":36,"column":null}},{"start":{"line":37,"column":14},"end":{"line":37,"column":null}}],"line":35},"5":{"loc":{"start":{"line":41,"column":22},"end":{"line":41,"column":null}},"type":"cond-expr","locations":[{"start":{"line":41,"column":30},"end":{"line":41,"column":39}},{"start":{"line":41,"column":39},"end":{"line":41,"column":null}}],"line":41},"6":{"loc":{"start":{"line":42,"column":26},"end":{"line":42,"column":null}},"type":"cond-expr","locations":[{"start":{"line":42,"column":34},"end":{"line":42,"column":50}},{"start":{"line":42,"column":50},"end":{"line":42,"column":null}}],"line":42},"7":{"loc":{"start":{"line":45,"column":7},"end":{"line":48,"column":null}},"type":"binary-expr","locations":[{"start":{"line":45,"column":7},"end":{"line":45,"column":null}},{"start":{"line":46,"column":8},"end":{"line":48,"column":null}}],"line":45}},"s":{"0":0,"1":0},"f":{"0":0,"1":0},"b":{"0":[0],"1":[0],"2":[0],"3":[0,0],"4":[0,0],"5":[0,0],"6":[0,0],"7":[0,0]},"meta":{"lastBranch":8,"lastFunction":2,"lastStatement":2,"seen":{"f:12:16:12:39":0,"b:16:7:16:Infinity":0,"b:17:10:17:Infinity":1,"b:18:13:18:Infinity":2,"s:20:2:53:Infinity":0,"b:27:9:27:21:27:21:27:Infinity":3,"f:33:18:33:19":1,"s:33:25:33:Infinity":1,"b:36:14:36:Infinity:37:14:37:Infinity":4,"b:41:30:41:39:41:39:41:Infinity":5,"b:42:34:42:50:42:50:42:Infinity":6,"b:45:7:45:Infinity:46:8:48:Infinity":7}}}
,"C:\\Users\\dpmal\\projects\\slicercompare\\components\\forms\\InfillDensitySlider.tsx": {"path":"C:\\Users\\dpmal\\projects\\slicercompare\\components\\forms\\InfillDensitySlider.tsx","statementMap":{"0":{"start":{"line":22,"column":2},"end":{"line":62,"column":null}},"1":{"start":{"line":41,"column":27},"end":{"line":41,"column":null}}},"fnMap":{"0":{"name":"InfillDensitySlider","decl":{"start":{"line":14,"column":16},"end":{"line":14,"column":36}},"loc":{"start":{"line":21,"column":29},"end":{"line":64,"column":null}},"line":21},"1":{"name":"(anonymous_1)","decl":{"start":{"line":41,"column":20},"end":{"line":41,"column":21}},"loc":{"start":{"line":41,"column":27},"end":{"line":41,"column":null}},"line":41}},"branchMap":{"0":{"loc":{"start":{"line":18,"column":2},"end":{"line":18,"column":null}},"type":"default-arg","locations":[{"start":{"line":18,"column":7},"end":{"line":18,"column":null}}],"line":18},"1":{"loc":{"start":{"line":19,"column":2},"end":{"line":19,"column":null}},"type":"default-arg","locations":[{"start":{"line":19,"column":10},"end":{"line":19,"column":null}}],"line":19},"2":{"loc":{"start":{"line":20,"column":2},"end":{"line":20,"column":null}},"type":"default-arg","locations":[{"start":{"line":20,"column":13},"end":{"line":20,"column":null}}],"line":20},"3":{"loc":{"start":{"line":29,"column":9},"end":{"line":29,"column":null}},"type":"binary-expr","locations":[{"start":{"line":29,"column":9},"end":{"line":29,"column":21}},{"start":{"line":29,"column":21},"end":{"line":29,"column":null}}],"line":29},"4":{"loc":{"start":{"line":43,"column":12},"end":{"line":45,"column":null}},"type":"cond-expr","locations":[{"start":{"line":44,"column":16},"end":{"line":44,"column":null}},{"start":{"line":45,"column":16},"end":{"line":45,"column":null}}],"line":43},"5":{"loc":{"start":{"line":47,"column":24},"end":{"line":47,"column":null}},"type":"cond-expr","locations":[{"start":{"line":47,"column":32},"end":{"line":47,"column":41}},{"start":{"line":47,"column":41},"end":{"line":47,"column":null}}],"line":47},"6":{"loc":{"start":{"line":48,"column":28},"end":{"line":48,"column":null}},"type":"cond-expr","locations":[{"start":{"line":48,"column":36},"end":{"line":48,"column":52}},{"start":{"line":48,"column":52},"end":{"line":48,"column":null}}],"line":48},"7":{"loc":{"start":{"line":53,"column":7},"end":{"line":60,"column":null}},"type":"cond-expr","locations":[{"start":{"line":54,"column":8},"end":{"line":56,"column":null}},{"start":{"line":58,"column":8},"end":{"line":60,"column":null}}],"line":53}},"s":{"0":0,"1":0},"f":{"0":0,"1":0},"b":{"0":[0],"1":[0],"2":[0],"3":[0,0],"4":[0,0],"5":[0,0],"6":[0,0],"7":[0,0]},"meta":{"lastBranch":8,"lastFunction":2,"lastStatement":2,"seen":{"f:14:16:14:36":0,"b:18:7:18:Infinity":0,"b:19:10:19:Infinity":1,"b:20:13:20:Infinity":2,"s:22:2:62:Infinity":0,"b:29:9:29:21:29:21:29:Infinity":3,"f:41:20:41:21":1,"s:41:27:41:Infinity":1,"b:44:16:44:Infinity:45:16:45:Infinity":4,"b:47:32:47:41:47:41:47:Infinity":5,"b:48:36:48:52:48:52:48:Infinity":6,"b:54:8:56:Infinity:58:8:60:Infinity":7}}}
,"C:\\Users\\dpmal\\projects\\slicercompare\\components\\forms\\LayerHeightSlider.tsx": {"path":"C:\\Users\\dpmal\\projects\\slicercompare\\components\\forms\\LayerHeightSlider.tsx","statementMap":{"0":{"start":{"line":22,"column":2},"end":{"line":62,"column":null}},"1":{"start":{"line":41,"column":27},"end":{"line":41,"column":null}}},"fnMap":{"0":{"name":"LayerHeightSlider","decl":{"start":{"line":14,"column":16},"end":{"line":14,"column":34}},"loc":{"start":{"line":21,"column":27},"end":{"line":64,"column":null}},"line":21},"1":{"name":"(anonymous_1)","decl":{"start":{"line":41,"column":20},"end":{"line":41,"column":21}},"loc":{"start":{"line":41,"column":27},"end":{"line":41,"column":null}},"line":41}},"branchMap":{"0":{"loc":{"start":{"line":18,"column":2},"end":{"line":18,"column":null}},"type":"default-arg","locations":[{"start":{"line":18,"column":7},"end":{"line":18,"column":null}}],"line":18},"1":{"loc":{"start":{"line":19,"column":2},"end":{"line":19,"column":null}},"type":"default-arg","locations":[{"start":{"line":19,"column":10},"end":{"line":19,"column":null}}],"line":19},"2":{"loc":{"start":{"line":20,"column":2},"end":{"line":20,"column":null}},"type":"default-arg","locations":[{"start":{"line":20,"column":13},"end":{"line":20,"column":null}}],"line":20},"3":{"loc":{"start":{"line":29,"column":9},"end":{"line":29,"column":null}},"type":"binary-expr","locations":[{"start":{"line":29,"column":9},"end":{"line":29,"column":21}},{"start":{"line":29,"column":21},"end":{"line":29,"column":null}}],"line":29},"4":{"loc":{"start":{"line":43,"column":12},"end":{"line":45,"column":null}},"type":"cond-expr","locations":[{"start":{"line":44,"column":16},"end":{"line":44,"column":null}},{"start":{"line":45,"column":16},"end":{"line":45,"column":null}}],"line":43},"5":{"loc":{"start":{"line":47,"column":24},"end":{"line":47,"column":null}},"type":"cond-expr","locations":[{"start":{"line":47,"column":32},"end":{"line":47,"column":41}},{"start":{"line":47,"column":41},"end":{"line":47,"column":null}}],"line":47},"6":{"loc":{"start":{"line":48,"column":28},"end":{"line":48,"column":null}},"type":"cond-expr","locations":[{"start":{"line":48,"column":36},"end":{"line":48,"column":52}},{"start":{"line":48,"column":52},"end":{"line":48,"column":null}}],"line":48},"7":{"loc":{"start":{"line":53,"column":7},"end":{"line":60,"column":null}},"type":"cond-expr","locations":[{"start":{"line":54,"column":8},"end":{"line":56,"column":null}},{"start":{"line":58,"column":8},"end":{"line":60,"column":null}}],"line":53}},"s":{"0":0,"1":0},"f":{"0":0,"1":0},"b":{"0":[0],"1":[0],"2":[0],"3":[0,0],"4":[0,0],"5":[0,0],"6":[0,0],"7":[0,0]},"meta":{"lastBranch":8,"lastFunction":2,"lastStatement":2,"seen":{"f:14:16:14:34":0,"b:18:7:18:Infinity":0,"b:19:10:19:Infinity":1,"b:20:13:20:Infinity":2,"s:22:2:62:Infinity":0,"b:29:9:29:21:29:21:29:Infinity":3,"f:41:20:41:21":1,"s:41:27:41:Infinity":1,"b:44:16:44:Infinity:45:16:45:Infinity":4,"b:47:32:47:41:47:41:47:Infinity":5,"b:48:36:48:52:48:52:48:Infinity":6,"b:54:8:56:Infinity:58:8:60:Infinity":7}}}
,"C:\\Users\\dpmal\\projects\\slicercompare\\components\\forms\\PrinterModelSelect.tsx": {"path":"C:\\Users\\dpmal\\projects\\slicercompare\\components\\forms\\PrinterModelSelect.tsx","statementMap":{"0":{"start":{"line":14,"column":23},"end":{"line":19,"column":null}},"1":{"start":{"line":29,"column":2},"end":{"line":66,"column":null}},"2":{"start":{"line":41,"column":25},"end":{"line":41,"column":null}},"3":{"start":{"line":52,"column":10},"end":{"line":54,"column":null}},"4":{"start":{"line":63,"column":52},"end":{"line":63,"column":71}}},"fnMap":{"0":{"name":"PrinterModelSelect","decl":{"start":{"line":21,"column":16},"end":{"line":21,"column":35}},"loc":{"start":{"line":28,"column":28},"end":{"line":68,"column":null}},"line":28},"1":{"name":"(anonymous_1)","decl":{"start":{"line":41,"column":18},"end":{"line":41,"column":19}},"loc":{"start":{"line":41,"column":25},"end":{"line":41,"column":null}},"line":41},"2":{"name":"(anonymous_2)","decl":{"start":{"line":51,"column":28},"end":{"line":51,"column":29}},"loc":{"start":{"line":52,"column":10},"end":{"line":54,"column":null}},"line":52},"3":{"name":"(anonymous_3)","decl":{"start":{"line":63,"column":45},"end":{"line":63,"column":52}},"loc":{"start":{"line":63,"column":52},"end":{"line":63,"column":71}},"line":63}},"branchMap":{"0":{"loc":{"start":{"line":25,"column":2},"end":{"line":25,"column":null}},"type":"default-arg","locations":[{"start":{"line":25,"column":7},"end":{"line":25,"column":null}}],"line":25},"1":{"loc":{"start":{"line":26,"column":2},"end":{"line":26,"column":null}},"type":"default-arg","locations":[{"start":{"line":26,"column":10},"end":{"line":26,"column":null}}],"line":26},"2":{"loc":{"start":{"line":27,"column":2},"end":{"line":27,"column":null}},"type":"default-arg","locations":[{"start":{"line":27,"column":13},"end":{"line":27,"column":null}}],"line":27},"3":{"loc":{"start":{"line":36,"column":9},"end":{"line":36,"column":null}},"type":"binary-expr","locations":[{"start":{"line":36,"column":9},"end":{"line":36,"column":21}},{"start":{"line":36,"column":21},"end":{"line":36,"column":null}}],"line":36},"4":{"loc":{"start":{"line":43,"column":10},"end":{"line":45,"column":null}},"type":"cond-expr","locations":[{"start":{"line":44,"column":14},"end":{"line":44,"column":null}},{"start":{"line":45,"column":14},"end":{"line":45,"column":null}}],"line":43},"5":{"loc":{"start":{"line":47,"column":22},"end":{"line":47,"column":null}},"type":"cond-expr","locations":[{"start":{"line":47,"column":30},"end":{"line":47,"column":39}},{"start":{"line":47,"column":39},"end":{"line":47,"column":null}}],"line":47},"6":{"loc":{"start":{"line":48,"column":26},"end":{"line":48,"column":null}},"type":"cond-expr","locations":[{"start":{"line":48,"column":34},"end":{"line":48,"column":50}},{"start":{"line":48,"column":50},"end":{"line":48,"column":null}}],"line":48},"7":{"loc":{"start":{"line":57,"column":7},"end":{"line":64,"column":null}},"type":"cond-expr","locations":[{"start":{"line":58,"column":8},"end":{"line":60,"column":null}},{"start":{"line":62,"column":8},"end":{"line":64,"column":null}}],"line":57}},"s":{"0":0,"1":0,"2":0,"3":0,"4":0},"f":{"0":0,"1":0,"2":0,"3":0},"b":{"0":[0],"1":[0],"2":[0],"3":[0,0],"4":[0,0],"5":[0,0],"6":[0,0],"7":[0,0]},"meta":{"lastBranch":8,"lastFunction":4,"lastStatement":5,"seen":{"s:14:23:19:Infinity":0,"f:21:16:21:35":0,"b:25:7:25:Infinity":0,"b:26:10:26:Infinity":1,"b:27:13:27:Infinity":2,"s:29:2:66:Infinity":1,"b:36:9:36:21:36:21:36:Infinity":3,"f:41:18:41:19":1,"s:41:25:41:Infinity":2,"b:44:14:44:Infinity:45:14:45:Infinity":4,"b:47:30:47:39:47:39:47:Infinity":5,"b:48:34:48:50:48:50:48:Infinity":6,"f:51:28:51:29":2,"s:52:10:54:Infinity":3,"b:58:8:60:Infinity:62:8:64:Infinity":7,"f:63:45:63:52":3,"s:63:52:63:71":4}}}
,"C:\\Users\\dpmal\\projects\\slicercompare\\components\\forms\\SupportTypeSelect.tsx": {"path":"C:\\Users\\dpmal\\projects\\slicercompare\\components\\forms\\SupportTypeSelect.tsx","statementMap":{"0":{"start":{"line":14,"column":23},"end":{"line":18,"column":null}},"1":{"start":{"line":28,"column":2},"end":{"line":65,"column":null}},"2":{"start":{"line":40,"column":25},"end":{"line":40,"column":null}},"3":{"start":{"line":51,"column":10},"end":{"line":53,"column":null}},"4":{"start":{"line":62,"column":38},"end":{"line":62,"column":57}}},"fnMap":{"0":{"name":"SupportTypeSelect","decl":{"start":{"line":20,"column":16},"end":{"line":20,"column":34}},"loc":{"start":{"line":27,"column":27},"end":{"line":67,"column":null}},"line":27},"1":{"name":"(anonymous_1)","decl":{"start":{"line":40,"column":18},"end":{"line":40,"column":19}},"loc":{"start":{"line":40,"column":25},"end":{"line":40,"column":null}},"line":40},"2":{"name":"(anonymous_2)","decl":{"start":{"line":50,"column":28},"end":{"line":50,"column":29}},"loc":{"start":{"line":51,"column":10},"end":{"line":53,"column":null}},"line":51},"3":{"name":"(anonymous_3)","decl":{"start":{"line":62,"column":31},"end":{"line":62,"column":38}},"loc":{"start":{"line":62,"column":38},"end":{"line":62,"column":57}},"line":62}},"branchMap":{"0":{"loc":{"start":{"line":24,"column":2},"end":{"line":24,"column":null}},"type":"default-arg","locations":[{"start":{"line":24,"column":7},"end":{"line":24,"column":null}}],"line":24},"1":{"loc":{"start":{"line":25,"column":2},"end":{"line":25,"column":null}},"type":"default-arg","locations":[{"start":{"line":25,"column":10},"end":{"line":25,"column":null}}],"line":25},"2":{"loc":{"start":{"line":26,"column":2},"end":{"line":26,"column":null}},"type":"default-arg","locations":[{"start":{"line":26,"column":13},"end":{"line":26,"column":null}}],"line":26},"3":{"loc":{"start":{"line":35,"column":9},"end":{"line":35,"column":null}},"type":"binary-expr","locations":[{"start":{"line":35,"column":9},"end":{"line":35,"column":21}},{"start":{"line":35,"column":21},"end":{"line":35,"column":null}}],"line":35},"4":{"loc":{"start":{"line":42,"column":10},"end":{"line":44,"column":null}},"type":"cond-expr","locations":[{"start":{"line":43,"column":14},"end":{"line":43,"column":null}},{"start":{"line":44,"column":14},"end":{"line":44,"column":null}}],"line":42},"5":{"loc":{"start":{"line":46,"column":22},"end":{"line":46,"column":null}},"type":"cond-expr","locations":[{"start":{"line":46,"column":30},"end":{"line":46,"column":39}},{"start":{"line":46,"column":39},"end":{"line":46,"column":null}}],"line":46},"6":{"loc":{"start":{"line":47,"column":26},"end":{"line":47,"column":null}},"type":"cond-expr","locations":[{"start":{"line":47,"column":34},"end":{"line":47,"column":50}},{"start":{"line":47,"column":50},"end":{"line":47,"column":null}}],"line":47},"7":{"loc":{"start":{"line":56,"column":7},"end":{"line":63,"column":null}},"type":"cond-expr","locations":[{"start":{"line":57,"column":8},"end":{"line":59,"column":null}},{"start":{"line":61,"column":8},"end":{"line":63,"column":null}}],"line":56}},"s":{"0":0,"1":0,"2":0,"3":0,"4":0},"f":{"0":0,"1":0,"2":0,"3":0},"b":{"0":[0],"1":[0],"2":[0],"3":[0,0],"4":[0,0],"5":[0,0],"6":[0,0],"7":[0,0]},"meta":{"lastBranch":8,"lastFunction":4,"lastStatement":5,"seen":{"s:14:23:18:Infinity":0,"f:20:16:20:34":0,"b:24:7:24:Infinity":0,"b:25:10:25:Infinity":1,"b:26:13:26:Infinity":2,"s:28:2:65:Infinity":1,"b:35:9:35:21:35:21:35:Infinity":3,"f:40:18:40:19":1,"s:40:25:40:Infinity":2,"b:43:14:43:Infinity:44:14:44:Infinity":4,"b:46:30:46:39:46:39:46:Infinity":5,"b:47:34:47:50:47:50:47:Infinity":6,"f:50:28:50:29":2,"s:51:10:53:Infinity":3,"b:57:8:59:Infinity:61:8:63:Infinity":7,"f:62:31:62:38":3,"s:62:38:62:57":4}}}
,"C:\\Users\\dpmal\\projects\\slicercompare\\components\\ui\\ConfirmationDialog.tsx": {"path":"C:\\Users\\dpmal\\projects\\slicercompare\\components\\ui\\ConfirmationDialog.tsx","statementMap":{"0":{"start":{"line":26,"column":8},"end":{"line":26,"column":null}},"1":{"start":{"line":27,"column":8},"end":{"line":27,"column":null}},"2":{"start":{"line":30,"column":2},"end":{"line":34,"column":null}},"3":{"start":{"line":31,"column":4},"end":{"line":33,"column":null}},"4":{"start":{"line":32,"column":6},"end":{"line":32,"column":null}},"5":{"start":{"line":37,"column":2},"end":{"line":46,"column":null}},"6":{"start":{"line":38,"column":25},"end":{"line":42,"column":null}},"7":{"start":{"line":39,"column":6},"end":{"line":41,"column":null}},"8":{"start":{"line":40,"column":8},"end":{"line":40,"column":null}},"9":{"start":{"line":44,"column":4},"end":{"line":44,"column":null}},"10":{"start":{"line":45,"column":4},"end":{"line":45,"column":null}},"11":{"start":{"line":45,"column":17},"end":{"line":45,"column":null}},"12":{"start":{"line":48,"column":2},"end":{"line":48,"column":null}},"13":{"start":{"line":48,"column":15},"end":{"line":48,"column":null}},"14":{"start":{"line":50,"column":30},"end":{"line":53,"column":null}},"15":{"start":{"line":55,"column":2},"end":{"line":144,"column":null}}},"fnMap":{"0":{"name":"ConfirmationDialog","decl":{"start":{"line":16,"column":16},"end":{"line":16,"column":35}},"loc":{"start":{"line":25,"column":28},"end":{"line":146,"column":null}},"line":25},"1":{"name":"(anonymous_1)","decl":{"start":{"line":30,"column":12},"end":{"line":30,"column":18}},"loc":{"start":{"line":30,"column":18},"end":{"line":34,"column":5}},"line":30},"2":{"name":"(anonymous_2)","decl":{"start":{"line":37,"column":12},"end":{"line":37,"column":18}},"loc":{"start":{"line":37,"column":18},"end":{"line":46,"column":5}},"line":37},"3":{"name":"(anonymous_3)","decl":{"start":{"line":38,"column":25},"end":{"line":38,"column":26}},"loc":{"start":{"line":38,"column":47},"end":{"line":42,"column":null}},"line":38},"4":{"name":"(anonymous_4)","decl":{"start":{"line":45,"column":11},"end":{"line":45,"column":17}},"loc":{"start":{"line":45,"column":17},"end":{"line":45,"column":null}},"line":45}},"branchMap":{"0":{"loc":{"start":{"line":20,"column":2},"end":{"line":20,"column":null}},"type":"default-arg","locations":[{"start":{"line":20,"column":17},"end":{"line":20,"column":null}}],"line":20},"1":{"loc":{"start":{"line":21,"column":2},"end":{"line":21,"column":null}},"type":"default-arg","locations":[{"start":{"line":21,"column":16},"end":{"line":21,"column":null}}],"line":21},"2":{"loc":{"start":{"line":24,"column":2},"end":{"line":24,"column":null}},"type":"default-arg","locations":[{"start":{"line":24,"column":19},"end":{"line":24,"column":null}}],"line":24},"3":{"loc":{"start":{"line":31,"column":4},"end":{"line":33,"column":null}},"type":"if","locations":[{"start":{"line":31,"column":4},"end":{"line":33,"column":null}},{"start":{},"end":{}}],"line":31},"4":{"loc":{"start":{"line":31,"column":8},"end":{"line":31,"column":43}},"type":"binary-expr","locations":[{"start":{"line":31,"column":8},"end":{"line":31,"column":18}},{"start":{"line":31,"column":18},"end":{"line":31,"column":43}}],"line":31},"5":{"loc":{"start":{"line":39,"column":6},"end":{"line":41,"column":null}},"type":"if","locations":[{"start":{"line":39,"column":6},"end":{"line":41,"column":null}},{"start":{},"end":{}}],"line":39},"6":{"loc":{"start":{"line":39,"column":10},"end":{"line":39,"column":40}},"type":"binary-expr","locations":[{"start":{"line":39,"column":10},"end":{"line":39,"column":32}},{"start":{"line":39,"column":32},"end":{"line":39,"column":40}}],"line":39},"7":{"loc":{"start":{"line":48,"column":2},"end":{"line":48,"column":null}},"type":"if","locations":[{"start":{"line":48,"column":2},"end":{"line":48,"column":null}},{"start":{},"end":{}}],"line":48},"8":{"loc":{"start":{"line":77,"column":111},"end":{"line":77,"column":169}},"type":"cond-expr","locations":[{"start":{"line":77,"column":141},"end":{"line":77,"column":156}},{"start":{"line":77,"column":156},"end":{"line":77,"column":169}}],"line":77},"9":{"loc":{"start":{"line":78,"column":17},"end":{"line":107,"column":null}},"type":"cond-expr","locations":[{"start":{"line":79,"column":18},"end":{"line":92,"column":null}},{"start":{"line":94,"column":18},"end":{"line":107,"column":null}}],"line":78}},"s":{"0":0,"1":0,"2":0,"3":0,"4":0,"5":0,"6":0,"7":0,"8":0,"9":0,"10":0,"11":0,"12":0,"13":0,"14":0,"15":0},"f":{"0":0,"1":0,"2":0,"3":0,"4":0},"b":{"0":[0],"1":[0],"2":[0],"3":[0,0],"4":[0,0],"5":[0,0],"6":[0,0],"7":[0,0],"8":[0,0],"9":[0,0]},"meta":{"lastBranch":10,"lastFunction":5,"lastStatement":16,"seen":{"f:16:16:16:35":0,"b:20:17:20:Infinity":0,"b:21:16:21:Infinity":1,"b:24:19:24:Infinity":2,"s:26:8:26:Infinity":0,"s:27:8:27:Infinity":1,"s:30:2:34:Infinity":2,"f:30:12:30:18":1,"b:31:4:33:Infinity:undefined:undefined:undefined:undefined":3,"s:31:4:33:Infinity":3,"b:31:8:31:18:31:18:31:43":4,"s:32:6:32:Infinity":4,"s:37:2:46:Infinity":5,"f:37:12:37:18":2,"s:38:25:42:Infinity":6,"f:38:25:38:26":3,"b:39:6:41:Infinity:undefined:undefined:undefined:undefined":5,"s:39:6:41:Infinity":7,"b:39:10:39:32:39:32:39:40":6,"s:40:8:40:Infinity":8,"s:44:4:44:Infinity":9,"s:45:4:45:Infinity":10,"f:45:11:45:17":4,"s:45:17:45:Infinity":11,"b:48:2:48:Infinity:undefined:undefined:undefined:undefined":7,"s:48:2:48:Infinity":12,"s:48:15:48:Infinity":13,"s:50:30:53:Infinity":14,"s:55:2:144:Infinity":15,"b:77:141:77:156:77:156:77:169":8,"b:79:18:92:Infinity:94:18:107:Infinity":9}}}
,"C:\\Users\\dpmal\\projects\\slicercompare\\components\\ui\\EmptyState.tsx": {"path":"C:\\Users\\dpmal\\projects\\slicercompare\\components\\ui\\EmptyState.tsx","statementMap":{"0":{"start":{"line":16,"column":2},"end":{"line":50,"column":null}}},"fnMap":{"0":{"name":"EmptyState","decl":{"start":{"line":9,"column":16},"end":{"line":9,"column":27}},"loc":{"start":{"line":15,"column":20},"end":{"line":52,"column":null}},"line":15}},"branchMap":{"0":{"loc":{"start":{"line":14,"column":2},"end":{"line":14,"column":null}},"type":"default-arg","locations":[{"start":{"line":14,"column":14},"end":{"line":14,"column":null}}],"line":14},"1":{"loc":{"start":{"line":19,"column":9},"end":{"line":33,"column":null}},"type":"binary-expr","locations":[{"start":{"line":19,"column":9},"end":{"line":19,"column":null}},{"start":{"line":20,"column":10},"end":{"line":33,"column":null}}],"line":19},"2":{"loc":{"start":{"line":41,"column":7},"end":{"line":48,"column":null}},"type":"binary-expr","locations":[{"start":{"line":41,"column":7},"end":{"line":41,"column":22}},{"start":{"line":41,"column":22},"end":{"line":41,"column":null}},{"start":{"line":42,"column":8},"end":{"line":48,"column":null}}],"line":41}},"s":{"0":0},"f":{"0":0},"b":{"0":[0],"1":[0,0],"2":[0,0,0]},"meta":{"lastBranch":3,"lastFunction":1,"lastStatement":1,"seen":{"f:9:16:9:27":0,"b:14:14:14:Infinity":0,"s:16:2:50:Infinity":0,"b:19:9:19:Infinity:20:10:33:Infinity":1,"b:41:7:41:22:41:22:41:Infinity:42:8:48:Infinity":2}}}
,"C:\\Users\\dpmal\\projects\\slicercompare\\components\\ui\\ErrorToast.tsx": {"path":"C:\\Users\\dpmal\\projects\\slicercompare\\components\\ui\\ErrorToast.tsx","statementMap":{"0":{"start":{"line":22,"column":32},"end":{"line":22,"column":null}},"1":{"start":{"line":24,"column":2},"end":{"line":33,"column":null}},"2":{"start":{"line":25,"column":4},"end":{"line":32,"column":null}},"3":{"start":{"line":26,"column":20},"end":{"line":29,"column":null}},"4":{"start":{"line":27,"column":8},"end":{"line":27,"column":null}},"5":{"start":{"line":28,"column":8},"end":{"line":28,"column":null}},"6":{"start":{"line":31,"column":6},"end":{"line":31,"column":null}},"7":{"start":{"line":31,"column":19},"end":{"line":31,"column":null}},"8":{"start":{"line":35,"column":2},"end":{"line":35,"column":null}},"9":{"start":{"line":35,"column":18},"end":{"line":35,"column":null}},"10":{"start":{"line":37,"column":17},"end":{"line":62,"column":null}},"11":{"start":{"line":64,"column":16},"end":{"line":64,"column":null}},"12":{"start":{"line":66,"column":16},"end":{"line":87,"column":null}},"13":{"start":{"line":89,"column":2},"end":{"line":118,"column":null}},"14":{"start":{"line":107,"column":12},"end":{"line":107,"column":null}},"15":{"start":{"line":108,"column":12},"end":{"line":108,"column":null}}},"fnMap":{"0":{"name":"ErrorToast","decl":{"start":{"line":15,"column":16},"end":{"line":15,"column":27}},"loc":{"start":{"line":21,"column":20},"end":{"line":120,"column":null}},"line":21},"1":{"name":"(anonymous_1)","decl":{"start":{"line":24,"column":12},"end":{"line":24,"column":18}},"loc":{"start":{"line":24,"column":18},"end":{"line":33,"column":5}},"line":24},"2":{"name":"(anonymous_2)","decl":{"start":{"line":26,"column":31},"end":{"line":26,"column":37}},"loc":{"start":{"line":26,"column":37},"end":{"line":29,"column":9}},"line":26},"3":{"name":"(anonymous_3)","decl":{"start":{"line":31,"column":13},"end":{"line":31,"column":19}},"loc":{"start":{"line":31,"column":19},"end":{"line":31,"column":null}},"line":31},"4":{"name":"(anonymous_4)","decl":{"start":{"line":106,"column":19},"end":{"line":106,"column":25}},"loc":{"start":{"line":106,"column":25},"end":{"line":109,"column":null}},"line":106}},"branchMap":{"0":{"loc":{"start":{"line":17,"column":2},"end":{"line":17,"column":null}},"type":"default-arg","locations":[{"start":{"line":17,"column":9},"end":{"line":17,"column":null}}],"line":17},"1":{"loc":{"start":{"line":19,"column":2},"end":{"line":19,"column":null}},"type":"default-arg","locations":[{"start":{"line":19,"column":14},"end":{"line":19,"column":null}}],"line":19},"2":{"loc":{"start":{"line":20,"column":2},"end":{"line":20,"column":null}},"type":"default-arg","locations":[{"start":{"line":20,"column":19},"end":{"line":20,"column":null}}],"line":20},"3":{"loc":{"start":{"line":25,"column":4},"end":{"line":32,"column":null}},"type":"if","locations":[{"start":{"line":25,"column":4},"end":{"line":32,"column":null}},{"start":{},"end":{}}],"line":25},"4":{"loc":{"start":{"line":35,"column":2},"end":{"line":35,"column":null}},"type":"if","locations":[{"start":{"line":35,"column":2},"end":{"line":35,"column":null}},{"start":{},"end":{}}],"line":35}},"s":{"0":0,"1":0,"2":0,"3":0,"4":0,"5":0,"6":0,"7":0,"8":0,"9":0,"10":0,"11":0,"12":0,"13":0,"14":0,"15":0},"f":{"0":0,"1":0,"2":0,"3":0,"4":0},"b":{"0":[0],"1":[0],"2":[0],"3":[0,0],"4":[0,0]},"meta":{"lastBranch":5,"lastFunction":5,"lastStatement":16,"seen":{"f:15:16:15:27":0,"b:17:9:17:Infinity":0,"b:19:14:19:Infinity":1,"b:20:19:20:Infinity":2,"s:22:32:22:Infinity":0,"s:24:2:33:Infinity":1,"f:24:12:24:18":1,"b:25:4:32:Infinity:undefined:undefined:undefined:undefined":3,"s:25:4:32:Infinity":2,"s:26:20:29:Infinity":3,"f:26:31:26:37":2,"s:27:8:27:Infinity":4,"s:28:8:28:Infinity":5,"s:31:6:31:Infinity":6,"f:31:13:31:19":3,"s:31:19:31:Infinity":7,"b:35:2:35:Infinity:undefined:undefined:undefined:undefined":4,"s:35:2:35:Infinity":8,"s:35:18:35:Infinity":9,"s:37:17:62:Infinity":10,"s:64:16:64:Infinity":11,"s:66:16:87:Infinity":12,"s:89:2:118:Infinity":13,"f:106:19:106:25":4,"s:107:12:107:Infinity":14,"s:108:12:108:Infinity":15}}}
,"C:\\Users\\dpmal\\projects\\slicercompare\\components\\ui\\LoadingSpinner.tsx": {"path":"C:\\Users\\dpmal\\projects\\slicercompare\\components\\ui\\LoadingSpinner.tsx","statementMap":{"0":{"start":{"line":7,"column":22},"end":{"line":11,"column":null}},"1":{"start":{"line":13,"column":2},"end":{"line":37,"column":null}}},"fnMap":{"0":{"name":"LoadingSpinner","decl":{"start":{"line":6,"column":16},"end":{"line":6,"column":31}},"loc":{"start":{"line":6,"column":85},"end":{"line":39,"column":null}},"line":6}},"branchMap":{"0":{"loc":{"start":{"line":6,"column":33},"end":{"line":6,"column":46}},"type":"default-arg","locations":[{"start":{"line":6,"column":40},"end":{"line":6,"column":46}}],"line":6},"1":{"loc":{"start":{"line":6,"column":46},"end":{"line":6,"column":61}},"type":"default-arg","locations":[{"start":{"line":6,"column":58},"end":{"line":6,"column":61}}],"line":6}},"s":{"0":0,"1":0},"f":{"0":0},"b":{"0":[0],"1":[0]},"meta":{"lastBranch":2,"lastFunction":1,"lastStatement":2,"seen":{"f:6:16:6:31":0,"b:6:40:6:46":0,"b:6:58:6:61":1,"s:7:22:11:Infinity":0,"s:13:2:37:Infinity":1}}}
,"C:\\Users\\dpmal\\projects\\slicercompare\\components\\ui\\SkeletonLoader.tsx": {"path":"C:\\Users\\dpmal\\projects\\slicercompare\\components\\ui\\SkeletonLoader.tsx","statementMap":{"0":{"start":{"line":8,"column":2},"end":{"line":21,"column":null}},"1":{"start":{"line":26,"column":2},"end":{"line":47,"column":null}},"2":{"start":{"line":52,"column":2},"end":{"line":62,"column":null}},"3":{"start":{"line":55,"column":8},"end":{"line":59,"column":null}},"4":{"start":{"line":67,"column":20},"end":{"line":71,"column":null}},"5":{"start":{"line":70,"column":16},"end":{"line":70,"column":null}},"6":{"start":{"line":73,"column":2},"end":{"line":76,"column":null}}},"fnMap":{"0":{"name":"SkeletonCard","decl":{"start":{"line":7,"column":9},"end":{"line":7,"column":24}},"loc":{"start":{"line":7,"column":24},"end":{"line":23,"column":null}},"line":7},"1":{"name":"SkeletonForm","decl":{"start":{"line":25,"column":9},"end":{"line":25,"column":24}},"loc":{"start":{"line":25,"column":24},"end":{"line":49,"column":null}},"line":25},"2":{"name":"SkeletonList","decl":{"start":{"line":51,"column":9},"end":{"line":51,"column":22}},"loc":{"start":{"line":51,"column":56},"end":{"line":64,"column":null}},"line":51},"3":{"name":"(anonymous_3)","decl":{"start":{"line":54,"column":41},"end":{"line":54,"column":42}},"loc":{"start":{"line":55,"column":8},"end":{"line":59,"column":null}},"line":55},"4":{"name":"SkeletonLoader","decl":{"start":{"line":66,"column":16},"end":{"line":66,"column":31}},"loc":{"start":{"line":66,"column":89},"end":{"line":78,"column":null}},"line":66},"5":{"name":"(anonymous_5)","decl":{"start":{"line":70,"column":10},"end":{"line":70,"column":16}},"loc":{"start":{"line":70,"column":16},"end":{"line":70,"column":null}},"line":70}},"branchMap":{"0":{"loc":{"start":{"line":51,"column":24},"end":{"line":51,"column":34}},"type":"default-arg","locations":[{"start":{"line":51,"column":32},"end":{"line":51,"column":34}}],"line":51},"1":{"loc":{"start":{"line":66,"column":39},"end":{"line":66,"column":50}},"type":"default-arg","locations":[{"start":{"line":66,"column":47},"end":{"line":66,"column":50}}],"line":66},"2":{"loc":{"start":{"line":66,"column":50},"end":{"line":66,"column":65}},"type":"default-arg","locations":[{"start":{"line":66,"column":62},"end":{"line":66,"column":65}}],"line":66}},"s":{"0":0,"1":0,"2":0,"3":0,"4":0,"5":0,"6":0},"f":{"0":0,"1":0,"2":0,"3":0,"4":0,"5":0},"b":{"0":[0],"1":[0],"2":[0]},"meta":{"lastBranch":3,"lastFunction":6,"lastStatement":7,"seen":{"f:7:9:7:24":0,"s:8:2:21:Infinity":0,"f:25:9:25:24":1,"s:26:2:47:Infinity":1,"f:51:9:51:22":2,"b:51:32:51:34":0,"s:52:2:62:Infinity":2,"f:54:41:54:42":3,"s:55:8:59:Infinity":3,"f:66:16:66:31":4,"b:66:47:66:50":1,"b:66:62:66:65":2,"s:67:20:71:Infinity":4,"f:70:10:70:16":5,"s:70:16:70:Infinity":5,"s:73:2:76:Infinity":6}}}
,"C:\\Users\\dpmal\\projects\\slicercompare\\src\\App.tsx": {"path":"C:\\Users\\dpmal\\projects\\slicercompare\\src\\App.tsx","statementMap":{"0":{"start":{"line":7,"column":2},"end":{"line":14,"column":null}}},"fnMap":{"0":{"name":"App","decl":{"start":{"line":6,"column":9},"end":{"line":6,"column":15}},"loc":{"start":{"line":6,"column":15},"end":{"line":16,"column":null}},"line":6}},"branchMap":{},"s":{"0":0},"f":{"0":0},"b":{},"meta":{"lastBranch":0,"lastFunction":1,"lastStatement":1,"seen":{"f:6:9:6:15":0,"s:7:2:14:Infinity":0}}}
,"C:\\Users\\dpmal\\projects\\slicercompare\\src\\main.tsx": {"path":"C:\\Users\\dpmal\\projects\\slicercompare\\src\\main.tsx","statementMap":{"0":{"start":{"line":6,"column":0},"end":{"line":10,"column":null}}},"fnMap":{},"branchMap":{},"s":{"0":0},"f":{},"b":{},"meta":{"lastBranch":0,"lastFunction":0,"lastStatement":1,"seen":{"s:6:0:10:Infinity":0}}}
,"C:\\Users\\dpmal\\projects\\slicercompare\\src\\client\\components\\FileUpload.tsx": {"path":"C:\\Users\\dpmal\\projects\\slicercompare\\src\\client\\components\\FileUpload.tsx","statementMap":{"0":{"start":{"line":20,"column":36},"end":{"line":20,"column":null}},"1":{"start":{"line":21,"column":38},"end":{"line":21,"column":null}},"2":{"start":{"line":22,"column":24},"end":{"line":22,"column":null}},"3":{"start":{"line":24,"column":8},"end":{"line":90,"column":null}},"4":{"start":{"line":26,"column":4},"end":{"line":26,"column":null}},"5":{"start":{"line":27,"column":4},"end":{"line":27,"column":null}},"6":{"start":{"line":29,"column":4},"end":{"line":31,"column":null}},"7":{"start":{"line":30,"column":6},"end":{"line":30,"column":null}},"8":{"start":{"line":33,"column":17},"end":{"line":33,"column":null}},"9":{"start":{"line":36,"column":20},"end":{"line":36,"column":null}},"10":{"start":{"line":37,"column":4},"end":{"line":44,"column":null}},"11":{"start":{"line":38,"column":23},"end":{"line":38,"column":null}},"12":{"start":{"line":39,"column":6},"end":{"line":39,"column":null}},"13":{"start":{"line":40,"column":6},"end":{"line":42,"column":null}},"14":{"start":{"line":41,"column":8},"end":{"line":41,"column":null}},"15":{"start":{"line":43,"column":6},"end":{"line":43,"column":null}},"16":{"start":{"line":47,"column":30},"end":{"line":47,"column":null}},"17":{"start":{"line":48,"column":16},"end":{"line":48,"column":null}},"18":{"start":{"line":49,"column":4},"end":{"line":56,"column":null}},"19":{"start":{"line":50,"column":23},"end":{"line":50,"column":null}},"20":{"start":{"line":51,"column":6},"end":{"line":51,"column":null}},"21":{"start":{"line":52,"column":6},"end":{"line":54,"column":null}},"22":{"start":{"line":53,"column":8},"end":{"line":53,"column":null}},"23":{"start":{"line":55,"column":6},"end":{"line":55,"column":null}},"24":{"start":{"line":59,"column":4},"end":{"line":59,"column":null}},"25":{"start":{"line":61,"column":4},"end":{"line":89,"column":null}},"26":{"start":{"line":62,"column":23},"end":{"line":62,"column":null}},"27":{"start":{"line":63,"column":6},"end":{"line":63,"column":null}},"28":{"start":{"line":65,"column":23},"end":{"line":68,"column":null}},"29":{"start":{"line":70,"column":6},"end":{"line":73,"column":null}},"30":{"start":{"line":71,"column":26},"end":{"line":71,"column":null}},"31":{"start":{"line":72,"column":8},"end":{"line":72,"column":null}},"32":{"start":{"line":75,"column":33},"end":{"line":75,"column":null}},"33":{"start":{"line":76,"column":6},"end":{"line":76,"column":null}},"34":{"start":{"line":78,"column":6},"end":{"line":80,"column":null}},"35":{"start":{"line":79,"column":8},"end":{"line":79,"column":null}},"36":{"start":{"line":82,"column":23},"end":{"line":82,"column":null}},"37":{"start":{"line":83,"column":6},"end":{"line":83,"column":null}},"38":{"start":{"line":84,"column":6},"end":{"line":86,"column":null}},"39":{"start":{"line":85,"column":8},"end":{"line":85,"column":null}},"40":{"start":{"line":88,"column":6},"end":{"line":88,"column":null}},"41":{"start":{"line":92,"column":52},"end":{"line":100,"column":null}},"42":{"start":{"line":102,"column":2},"end":{"line":219,"column":null}},"43":{"start":{"line":210,"column":31},"end":{"line":210,"column":null}}},"fnMap":{"0":{"name":"FileUpload","decl":{"start":{"line":19,"column":24},"end":{"line":19,"column":35}},"loc":{"start":{"line":19,"column":88},"end":{"line":221,"column":null}},"line":19},"1":{"name":"(anonymous_1)","decl":{"start":{"line":24,"column":29},"end":{"line":24,"column":36}},"loc":{"start":{"line":24,"column":62},"end":{"line":90,"column":5}},"line":24},"2":{"name":"(anonymous_2)","decl":{"start":{"line":210,"column":25},"end":{"line":210,"column":31}},"loc":{"start":{"line":210,"column":31},"end":{"line":210,"column":null}},"line":210}},"branchMap":{"0":{"loc":{"start":{"line":29,"column":4},"end":{"line":31,"column":null}},"type":"if","locations":[{"start":{"line":29,"column":4},"end":{"line":31,"column":null}},{"start":{},"end":{}}],"line":29},"1":{"loc":{"start":{"line":37,"column":4},"end":{"line":44,"column":null}},"type":"if","locations":[{"start":{"line":37,"column":4},"end":{"line":44,"column":null}},{"start":{},"end":{}}],"line":37},"2":{"loc":{"start":{"line":40,"column":6},"end":{"line":42,"column":null}},"type":"if","locations":[{"start":{"line":40,"column":6},"end":{"line":42,"column":null}},{"start":{},"end":{}}],"line":40},"3":{"loc":{"start":{"line":49,"column":4},"end":{"line":56,"column":null}},"type":"if","locations":[{"start":{"line":49,"column":4},"end":{"line":56,"column":null}},{"start":{},"end":{}}],"line":49},"4":{"loc":{"start":{"line":52,"column":6},"end":{"line":54,"column":null}},"type":"if","locations":[{"start":{"line":52,"column":6},"end":{"line":54,"column":null}},{"start":{},"end":{}}],"line":52},"5":{"loc":{"start":{"line":70,"column":6},"end":{"line":73,"column":null}},"type":"if","locations":[{"start":{"line":70,"column":6},"end":{"line":73,"column":null}},{"start":{},"end":{}}],"line":70},"6":{"loc":{"start":{"line":72,"column":24},"end":{"line":72,"column":67}},"type":"binary-expr","locations":[{"start":{"line":72,"column":24},"end":{"line":72,"column":52}},{"start":{"line":72,"column":52},"end":{"line":72,"column":67}}],"line":72},"7":{"loc":{"start":{"line":78,"column":6},"end":{"line":80,"column":null}},"type":"if","locations":[{"start":{"line":78,"column":6},"end":{"line":80,"column":null}},{"start":{},"end":{}}],"line":78},"8":{"loc":{"start":{"line":82,"column":23},"end":{"line":82,"column":null}},"type":"binary-expr","locations":[{"start":{"line":82,"column":23},"end":{"line":82,"column":38}},{"start":{"line":82,"column":38},"end":{"line":82,"column":null}}],"line":82},"9":{"loc":{"start":{"line":84,"column":6},"end":{"line":86,"column":null}},"type":"if","locations":[{"start":{"line":84,"column":6},"end":{"line":86,"column":null}},{"start":{},"end":{}}],"line":84},"10":{"loc":{"start":{"line":105,"column":7},"end":{"line":152,"column":null}},"type":"binary-expr","locations":[{"start":{"line":105,"column":7},"end":{"line":105,"column":null}},{"start":{"line":106,"column":8},"end":{"line":152,"column":null}}],"line":105},"11":{"loc":{"start":{"line":111,"column":14},"end":{"line":111,"column":99}},"type":"cond-expr","locations":[{"start":{"line":111,"column":29},"end":{"line":111,"column":60}},{"start":{"line":111,"column":60},"end":{"line":111,"column":99}}],"line":111},"12":{"loc":{"start":{"line":112,"column":14},"end":{"line":112,"column":64}},"type":"cond-expr","locations":[{"start":{"line":112,"column":28},"end":{"line":112,"column":62}},{"start":{"line":112,"column":62},"end":{"line":112,"column":64}}],"line":112},"13":{"loc":{"start":{"line":136,"column":15},"end":{"line":148,"column":null}},"type":"cond-expr","locations":[{"start":{"line":137,"column":16},"end":{"line":137,"column":null}},{"start":{"line":138,"column":18},"end":{"line":148,"column":null}}],"line":136},"14":{"loc":{"start":{"line":138,"column":18},"end":{"line":148,"column":null}},"type":"cond-expr","locations":[{"start":{"line":139,"column":16},"end":{"line":139,"column":null}},{"start":{"line":141,"column":16},"end":{"line":148,"column":null}}],"line":138},"15":{"loc":{"start":{"line":156,"column":7},"end":{"line":160,"column":null}},"type":"binary-expr","locations":[{"start":{"line":156,"column":7},"end":{"line":156,"column":null}},{"start":{"line":157,"column":8},"end":{"line":160,"column":null}}],"line":156},"16":{"loc":{"start":{"line":164,"column":7},"end":{"line":183,"column":null}},"type":"binary-expr","locations":[{"start":{"line":164,"column":7},"end":{"line":164,"column":16}},{"start":{"line":164,"column":16},"end":{"line":164,"column":null}},{"start":{"line":165,"column":8},"end":{"line":183,"column":null}}],"line":164},"17":{"loc":{"start":{"line":187,"column":7},"end":{"line":217,"column":null}},"type":"binary-expr","locations":[{"start":{"line":187,"column":7},"end":{"line":187,"column":23}},{"start":{"line":187,"column":23},"end":{"line":187,"column":null}},{"start":{"line":188,"column":8},"end":{"line":217,"column":null}}],"line":187},"18":{"loc":{"start":{"line":207,"column":43},"end":{"line":207,"column":97}},"type":"cond-expr","locations":[{"start":{"line":207,"column":83},"end":{"line":207,"column":91}},{"start":{"line":207,"column":91},"end":{"line":207,"column":97}}],"line":207}},"s":{"0":54,"1":54,"2":54,"3":54,"4":24,"5":24,"6":24,"7":1,"8":23,"9":23,"10":23,"11":2,"12":2,"13":2,"14":1,"15":2,"16":21,"17":21,"18":21,"19":3,"20":3,"21":3,"22":1,"23":3,"24":18,"25":18,"26":18,"27":18,"28":18,"29":16,"30":3,"31":3,"32":13,"33":13,"34":13,"35":5,"36":5,"37":5,"38":5,"39":2,"40":18,"41":54,"42":54,"43":1},"f":{"0":54,"1":24,"2":1},"b":{"0":[1,23],"1":[2,21],"2":[1,1],"3":[3,18],"4":[1,2],"5":[3,13],"6":[3,1],"7":[5,8],"8":[5,1],"9":[2,3],"10":[54,41],"11":[2,39],"12":[2,39],"13":[2,39],"14":[2,37],"15":[54,2],"16":[54,10,10],"17":[54,13,13],"18":[0,13]},"meta":{"lastBranch":19,"lastFunction":3,"lastStatement":44,"seen":{"f:19:24:19:35":0,"s:20:36:20:Infinity":0,"s:21:38:21:Infinity":1,"s:22:24:22:Infinity":2,"s:24:8:90:Infinity":3,"f:24:29:24:36":1,"s:26:4:26:Infinity":4,"s:27:4:27:Infinity":5,"b:29:4:31:Infinity:undefined:undefined:undefined:undefined":0,"s:29:4:31:Infinity":6,"s:30:6:30:Infinity":7,"s:33:17:33:Infinity":8,"s:36:20:36:Infinity":9,"b:37:4:44:Infinity:undefined:undefined:undefined:undefined":1,"s:37:4:44:Infinity":10,"s:38:23:38:Infinity":11,"s:39:6:39:Infinity":12,"b:40:6:42:Infinity:undefined:undefined:undefined:undefined":2,"s:40:6:42:Infinity":13,"s:41:8:41:Infinity":14,"s:43:6:43:Infinity":15,"s:47:30:47:Infinity":16,"s:48:16:48:Infinity":17,"b:49:4:56:Infinity:undefined:undefined:undefined:undefined":3,"s:49:4:56:Infinity":18,"s:50:23:50:Infinity":19,"s:51:6:51:Infinity":20,"b:52:6:54:Infinity:undefined:undefined:undefined:undefined":4,"s:52:6:54:Infinity":21,"s:53:8:53:Infinity":22,"s:55:6:55:Infinity":23,"s:59:4:59:Infinity":24,"s:61:4:89:Infinity":25,"s:62:23:62:Infinity":26,"s:63:6:63:Infinity":27,"s:65:23:68:Infinity":28,"b:70:6:73:Infinity:undefined:undefined:undefined:undefined":5,"s:70:6:73:Infinity":29,"s:71:26:71:Infinity":30,"s:72:8:72:Infinity":31,"b:72:24:72:52:72:52:72:67":6,"s:75:33:75:Infinity":32,"s:76:6:76:Infinity":33,"b:78:6:80:Infinity:undefined:undefined:undefined:undefined":7,"s:78:6:80:Infinity":34,"s:79:8:79:Infinity":35,"s:82:23:82:Infinity":36,"b:82:23:82:38:82:38:82:Infinity":8,"s:83:6:83:Infinity":37,"b:84:6:86:Infinity:undefined:undefined:undefined:undefined":9,"s:84:6:86:Infinity":38,"s:85:8:85:Infinity":39,"s:88:6:88:Infinity":40,"s:92:52:100:Infinity":41,"s:102:2:219:Infinity":42,"b:105:7:105:Infinity:106:8:152:Infinity":10,"b:111:29:111:60:111:60:111:99":11,"b:112:28:112:62:112:62:112:64":12,"b:137:16:137:Infinity:138:18:148:Infinity":13,"b:139:16:139:Infinity:141:16:148:Infinity":14,"b:156:7:156:Infinity:157:8:160:Infinity":15,"b:164:7:164:16:164:16:164:Infinity:165:8:183:Infinity":16,"b:187:7:187:23:187:23:187:Infinity:188:8:217:Infinity":17,"b:207:83:207:91:207:91:207:97":18,"f:210:25:210:31":2,"s:210:31:210:Infinity":43}}}
,"C:\\Users\\dpmal\\projects\\slicercompare\\src\\client\\pages\\HomePage.tsx": {"path":"C:\\Users\\dpmal\\projects\\slicercompare\\src\\client\\pages\\HomePage.tsx","statementMap":{"0":{"start":{"line":16,"column":8},"end":{"line":16,"column":null}},"1":{"start":{"line":18,"column":30},"end":{"line":45,"column":null}},"2":{"start":{"line":19,"column":4},"end":{"line":19,"column":null}},"3":{"start":{"line":21,"column":4},"end":{"line":44,"column":null}},"4":{"start":{"line":23,"column":57},"end":{"line":31,"column":null}},"5":{"start":{"line":33,"column":6},"end":{"line":36,"column":null}},"6":{"start":{"line":34,"column":8},"end":{"line":34,"column":null}},"7":{"start":{"line":35,"column":8},"end":{"line":35,"column":null}},"8":{"start":{"line":38,"column":6},"end":{"line":38,"column":null}},"9":{"start":{"line":41,"column":6},"end":{"line":41,"column":null}},"10":{"start":{"line":43,"column":6},"end":{"line":43,"column":null}},"11":{"start":{"line":47,"column":28},"end":{"line":49,"column":null}},"12":{"start":{"line":48,"column":4},"end":{"line":48,"column":null}},"13":{"start":{"line":51,"column":2},"end":{"line":112,"column":null}}},"fnMap":{"0":{"name":"HomePage","decl":{"start":{"line":15,"column":24},"end":{"line":15,"column":35}},"loc":{"start":{"line":15,"column":35},"end":{"line":114,"column":null}},"line":15},"1":{"name":"(anonymous_1)","decl":{"start":{"line":18,"column":30},"end":{"line":18,"column":37}},"loc":{"start":{"line":18,"column":60},"end":{"line":45,"column":null}},"line":18},"2":{"name":"(anonymous_2)","decl":{"start":{"line":47,"column":28},"end":{"line":47,"column":29}},"loc":{"start":{"line":47,"column":46},"end":{"line":49,"column":null}},"line":47}},"branchMap":{"0":{"loc":{"start":{"line":33,"column":6},"end":{"line":36,"column":null}},"type":"if","locations":[{"start":{"line":33,"column":6},"end":{"line":36,"column":null}},{"start":{},"end":{}}],"line":33}},"s":{"0":0,"1":0,"2":0,"3":0,"4":0,"5":0,"6":0,"7":0,"8":0,"9":0,"10":0,"11":0,"12":0,"13":0},"f":{"0":0,"1":0,"2":0},"b":{"0":[0,0]},"meta":{"lastBranch":1,"lastFunction":3,"lastStatement":14,"seen":{"f:15:24:15:35":0,"s:16:8:16:Infinity":0,"s:18:30:45:Infinity":1,"f:18:30:18:37":1,"s:19:4:19:Infinity":2,"s:21:4:44:Infinity":3,"s:23:57:31:Infinity":4,"b:33:6:36:Infinity:undefined:undefined:undefined:undefined":0,"s:33:6:36:Infinity":5,"s:34:8:34:Infinity":6,"s:35:8:35:Infinity":7,"s:38:6:38:Infinity":8,"s:41:6:41:Infinity":9,"s:43:6:43:Infinity":10,"s:47:28:49:Infinity":11,"f:47:28:47:29":2,"s:48:4:48:Infinity":12,"s:51:2:112:Infinity":13}}}
,"C:\\Users\\dpmal\\projects\\slicercompare\\src\\client\\pages\\ResultsPage.tsx": {"path":"C:\\Users\\dpmal\\projects\\slicercompare\\src\\client\\pages\\ResultsPage.tsx","statementMap":{"0":{"start":{"line":4,"column":2},"end":{"line":24,"column":null}}},"fnMap":{"0":{"name":"ResultsPage","decl":{"start":{"line":3,"column":24},"end":{"line":3,"column":38}},"loc":{"start":{"line":3,"column":38},"end":{"line":26,"column":null}},"line":3}},"branchMap":{},"s":{"0":0},"f":{"0":0},"b":{},"meta":{"lastBranch":0,"lastFunction":1,"lastStatement":1,"seen":{"f:3:24:3:38":0,"s:4:2:24:Infinity":0}}}
,"C:\\Users\\dpmal\\projects\\slicercompare\\src\\client\\pages\\SessionDetailPage.tsx": {"path":"C:\\Users\\dpmal\\projects\\slicercompare\\src\\client\\pages\\SessionDetailPage.tsx","statementMap":{"0":{"start":{"line":20,"column":8},"end":{"line":20,"column":null}},"1":{"start":{"line":21,"column":24},"end":{"line":21,"column":null}},"2":{"start":{"line":24,"column":28},"end":{"line":24,"column":null}},"3":{"start":{"line":25,"column":42},"end":{"line":25,"column":null}},"4":{"start":{"line":26,"column":32},"end":{"line":26,"column":null}},"5":{"start":{"line":27,"column":24},"end":{"line":27,"column":null}},"6":{"start":{"line":30,"column":44},"end":{"line":30,"column":null}},"7":{"start":{"line":31,"column":30},"end":{"line":31,"column":null}},"8":{"start":{"line":32,"column":40},"end":{"line":32,"column":null}},"9":{"start":{"line":35,"column":50},"end":{"line":35,"column":null}},"10":{"start":{"line":36,"column":46},"end":{"line":36,"column":null}},"11":{"start":{"line":39,"column":24},"end":{"line":39,"column":null}},"12":{"start":{"line":42,"column":52},"end":{"line":42,"column":null}},"13":{"start":{"line":45,"column":2},"end":{"line":85,"column":null}},"14":{"start":{"line":46,"column":4},"end":{"line":46,"column":null}},"15":{"start":{"line":46,"column":20},"end":{"line":46,"column":null}},"16":{"start":{"line":49,"column":6},"end":{"line":49,"column":null}},"17":{"start":{"line":50,"column":6},"end":{"line":50,"column":null}},"18":{"start":{"line":52,"column":6},"end":{"line":81,"column":null}},"19":{"start":{"line":54,"column":59},"end":{"line":58,"column":null}},"20":{"start":{"line":60,"column":8},"end":{"line":60,"column":null}},"21":{"start":{"line":60,"column":26},"end":{"line":60,"column":null}},"22":{"start":{"line":61,"column":8},"end":{"line":61,"column":null}},"23":{"start":{"line":61,"column":26},"end":{"line":61,"column":null}},"24":{"start":{"line":63,"column":8},"end":{"line":63,"column":null}},"25":{"start":{"line":66,"column":59},"end":{"line":70,"column":null}},"26":{"start":{"line":72,"column":8},"end":{"line":72,"column":null}},"27":{"start":{"line":72,"column":26},"end":{"line":72,"column":null}},"28":{"start":{"line":74,"column":8},"end":{"line":74,"column":null}},"29":{"start":{"line":76,"column":8},"end":{"line":76,"column":null}},"30":{"start":{"line":77,"column":8},"end":{"line":77,"column":null}},"31":{"start":{"line":78,"column":8},"end":{"line":78,"column":null}},"32":{"start":{"line":80,"column":8},"end":{"line":80,"column":null}},"33":{"start":{"line":84,"column":4},"end":{"line":84,"column":null}},"34":{"start":{"line":88,"column":20},"end":{"line":90,"column":null}},"35":{"start":{"line":89,"column":4},"end":{"line":89,"column":null}},"36":{"start":{"line":93,"column":33},"end":{"line":103,"column":null}},"37":{"start":{"line":95,"column":4},"end":{"line":98,"column":null}},"38":{"start":{"line":96,"column":6},"end":{"line":96,"column":null}},"39":{"start":{"line":97,"column":6},"end":{"line":97,"column":null}},"40":{"start":{"line":100,"column":4},"end":{"line":100,"column":null}},"41":{"start":{"line":101,"column":4},"end":{"line":101,"column":null}},"42":{"start":{"line":102,"column":4},"end":{"line":102,"column":null}},"43":{"start":{"line":105,"column":34},"end":{"line":109,"column":null}},"44":{"start":{"line":106,"column":4},"end":{"line":106,"column":null}},"45":{"start":{"line":107,"column":4},"end":{"line":107,"column":null}},"46":{"start":{"line":108,"column":4},"end":{"line":108,"column":null}},"47":{"start":{"line":111,"column":39},"end":{"line":121,"column":null}},"48":{"start":{"line":113,"column":4},"end":{"line":116,"column":null}},"49":{"start":{"line":114,"column":6},"end":{"line":114,"column":null}},"50":{"start":{"line":115,"column":6},"end":{"line":115,"column":null}},"51":{"start":{"line":118,"column":4},"end":{"line":118,"column":null}},"52":{"start":{"line":119,"column":4},"end":{"line":119,"column":null}},"53":{"start":{"line":120,"column":4},"end":{"line":120,"column":null}},"54":{"start":{"line":123,"column":31},"end":{"line":126,"column":null}},"55":{"start":{"line":124,"column":4},"end":{"line":124,"column":null}},"56":{"start":{"line":125,"column":4},"end":{"line":125,"column":null}},"57":{"start":{"line":129,"column":34},"end":{"line":175,"column":null}},"58":{"start":{"line":130,"column":4},"end":{"line":130,"column":null}},"59":{"start":{"line":130,"column":20},"end":{"line":130,"column":null}},"60":{"start":{"line":132,"column":4},"end":{"line":174,"column":null}},"61":{"start":{"line":133,"column":6},"end":{"line":169,"column":null}},"62":{"start":{"line":135,"column":32},"end":{"line":144,"column":null}},"63":{"start":{"line":146,"column":8},"end":{"line":146,"column":null}},"64":{"start":{"line":146,"column":19},"end":{"line":146,"column":null}},"65":{"start":{"line":148,"column":8},"end":{"line":148,"column":null}},"66":{"start":{"line":148,"column":34},"end":{"line":148,"column":49}},"67":{"start":{"line":149,"column":8},"end":{"line":149,"column":null}},"68":{"start":{"line":150,"column":6},"end":{"line":169,"column":null}},"69":{"start":{"line":152,"column":32},"end":{"line":161,"column":null}},"70":{"start":{"line":163,"column":8},"end":{"line":163,"column":null}},"71":{"start":{"line":163,"column":19},"end":{"line":163,"column":null}}
[...]
n":16}},{"start":{"line":38,"column":16},"end":{"line":38,"column":43}}],"line":38},"2":{"loc":{"start":{"line":42,"column":2},"end":{"line":44,"column":null}},"type":"if","locations":[{"start":{"line":42,"column":2},"end":{"line":44,"column":null}},{"start":{},"end":{}}],"line":42},"3":{"loc":{"start":{"line":50,"column":2},"end":{"line":52,"column":null}},"type":"if","locations":[{"start":{"line":50,"column":2},"end":{"line":52,"column":null}},{"start":{},"end":{}}],"line":50},"4":{"loc":{"start":{"line":50,"column":6},"end":{"line":50,"column":45}},"type":"binary-expr","locations":[{"start":{"line":50,"column":6},"end":{"line":50,"column":24}},{"start":{"line":50,"column":24},"end":{"line":50,"column":45}}],"line":50},"5":{"loc":{"start":{"line":54,"column":2},"end":{"line":56,"column":null}},"type":"if","locations":[{"start":{"line":54,"column":2},"end":{"line":56,"column":null}},{"start":{},"end":{}}],"line":54},"6":{"loc":{"start":{"line":58,"column":2},"end":{"line":60,"column":null}},"type":"if","locations":[{"start":{"line":58,"column":2},"end":{"line":60,"column":null}},{"start":{},"end":{}}],"line":58},"7":{"loc":{"start":{"line":58,"column":6},"end":{"line":58,"column":60}},"type":"binary-expr","locations":[{"start":{"line":58,"column":6},"end":{"line":58,"column":34}},{"start":{"line":58,"column":34},"end":{"line":58,"column":60}}],"line":58},"8":{"loc":{"start":{"line":64,"column":2},"end":{"line":66,"column":null}},"type":"if","locations":[{"start":{"line":64,"column":2},"end":{"line":66,"column":null}},{"start":{},"end":{}}],"line":64},"9":{"loc":{"start":{"line":72,"column":2},"end":{"line":74,"column":null}},"type":"if","locations":[{"start":{"line":72,"column":2},"end":{"line":74,"column":null}},{"start":{},"end":{}}],"line":72},"10":{"loc":{"start":{"line":72,"column":6},"end":{"line":72,"column":45}},"type":"binary-expr","locations":[{"start":{"line":72,"column":6},"end":{"line":72,"column":24}},{"start":{"line":72,"column":24},"end":{"line":72,"column":45}}],"line":72},"11":{"loc":{"start":{"line":76,"column":2},"end":{"line":78,"column":null}},"type":"if","locations":[{"start":{"line":76,"column":2},"end":{"line":78,"column":null}},{"start":{},"end":{}}],"line":76},"12":{"loc":{"start":{"line":80,"column":2},"end":{"line":82,"column":null}},"type":"if","locations":[{"start":{"line":80,"column":2},"end":{"line":82,"column":null}},{"start":{},"end":{}}],"line":80},"13":{"loc":{"start":{"line":84,"column":2},"end":{"line":86,"column":null}},"type":"if","locations":[{"start":{"line":84,"column":2},"end":{"line":86,"column":null}},{"start":{},"end":{}}],"line":84},"14":{"loc":{"start":{"line":84,"column":6},"end":{"line":84,"column":48}},"type":"binary-expr","locations":[{"start":{"line":84,"column":6},"end":{"line":84,"column":28}},{"start":{"line":84,"column":28},"end":{"line":84,"column":48}}],"line":84},"15":{"loc":{"start":{"line":92,"column":2},"end":{"line":94,"column":null}},"type":"if","locations":[{"start":{"line":92,"column":2},"end":{"line":94,"column":null}},{"start":{},"end":{}}],"line":92},"16":{"loc":{"start":{"line":96,"column":2},"end":{"line":98,"column":null}},"type":"if","locations":[{"start":{"line":96,"column":2},"end":{"line":98,"column":null}},{"start":{},"end":{}}],"line":96},"17":{"loc":{"start":{"line":104,"column":2},"end":{"line":106,"column":null}},"type":"if","locations":[{"start":{"line":104,"column":2},"end":{"line":106,"column":null}},{"start":{},"end":{}}],"line":104},"18":{"loc":{"start":{"line":108,"column":2},"end":{"line":110,"column":null}},"type":"if","locations":[{"start":{"line":108,"column":2},"end":{"line":110,"column":null}},{"start":{},"end":{}}],"line":108},"19":{"loc":{"start":{"line":118,"column":2},"end":{"line":120,"column":null}},"type":"if","locations":[{"start":{"line":118,"column":2},"end":{"line":120,"column":null}},{"start":{},"end":{}}],"line":118},"20":{"loc":{"start":{"line":118,"column":6},"end":{"line":118,"column":45}},"type":"binary-expr","locations":[{"start":{"line":118,"column":6},"end":{"line":118,"column":29}},{"start":{"line":118,"column":29},"end":{"line":118,"column":45}}],"line":118},"21":{"loc":{"start":{"line":122,"column":2},"end":{"line":124,"column":null}},"type":"if","locations":[{"start":{"line":122,"column":2},"end":{"line":124,"column":null}},{"start":{},"end":{}}],"line":122},"22":{"loc":{"start":{"line":126,"column":2},"end":{"line":128,"column":null}},"type":"if","locations":[{"start":{"line":126,"column":2},"end":{"line":128,"column":null}},{"start":{},"end":{}}],"line":126},"23":{"loc":{"start":{"line":126,"column":6},"end":{"line":126,"column":58}},"type":"binary-expr","locations":[{"start":{"line":126,"column":6},"end":{"line":126,"column":33}},{"start":{"line":126,"column":33},"end":{"line":126,"column":58}}],"line":126},"24":{"loc":{"start":{"line":134,"column":2},"end":{"line":136,"column":null}},"type":"if","locations":[{"start":{"line":134,"column":2},"end":{"line":136,"column":null}},{"start":{},"end":{}}],"line":134},"25":{"loc":{"start":{"line":134,"column":6},"end":{"line":134,"column":45}},"type":"binary-expr","locations":[{"start":{"line":134,"column":6},"end":{"line":134,"column":29}},{"start":{"line":134,"column":29},"end":{"line":134,"column":45}}],"line":134},"26":{"loc":{"start":{"line":138,"column":2},"end":{"line":140,"column":null}},"type":"if","locations":[{"start":{"line":138,"column":2},"end":{"line":140,"column":null}},{"start":{},"end":{}}],"line":138},"27":{"loc":{"start":{"line":142,"column":2},"end":{"line":144,"column":null}},"type":"if","locations":[{"start":{"line":142,"column":2},"end":{"line":144,"column":null}},{"start":{},"end":{}}],"line":142},"28":{"loc":{"start":{"line":146,"column":2},"end":{"line":148,"column":null}},"type":"if","locations":[{"start":{"line":146,"column":2},"end":{"line":148,"column":null}},{"start":{},"end":{}}],"line":146},"29":{"loc":{"start":{"line":146,"column":6},"end":{"line":146,"column":58}},"type":"binary-expr","locations":[{"start":{"line":146,"column":6},"end":{"line":146,"column":33}},{"start":{"line":146,"column":33},"end":{"line":146,"column":58}}],"line":146},"30":{"loc":{"start":{"line":154,"column":2},"end":{"line":156,"column":null}},"type":"if","locations":[{"start":{"line":154,"column":2},"end":{"line":156,"column":null}},{"start":{},"end":{}}],"line":154},"31":{"loc":{"start":{"line":154,"column":6},"end":{"line":154,"column":45}},"type":"binary-expr","locations":[{"start":{"line":154,"column":6},"end":{"line":154,"column":29}},{"start":{"line":154,"column":29},"end":{"line":154,"column":45}}],"line":154},"32":{"loc":{"start":{"line":158,"column":2},"end":{"line":160,"column":null}},"type":"if","locations":[{"start":{"line":158,"column":2},"end":{"line":160,"column":null}},{"start":{},"end":{}}],"line":158},"33":{"loc":{"start":{"line":162,"column":2},"end":{"line":164,"column":null}},"type":"if","locations":[{"start":{"line":162,"column":2},"end":{"line":164,"column":null}},{"start":{},"end":{}}],"line":162},"34":{"loc":{"start":{"line":166,"column":2},"end":{"line":168,"column":null}},"type":"if","locations":[{"start":{"line":166,"column":2},"end":{"line":168,"column":null}},{"start":{},"end":{}}],"line":166},"35":{"loc":{"start":{"line":166,"column":6},"end":{"line":166,"column":52}},"type":"binary-expr","locations":[{"start":{"line":166,"column":6},"end":{"line":166,"column":30}},{"start":{"line":166,"column":30},"end":{"line":166,"column":52}}],"line":166},"36":{"loc":{"start":{"line":174,"column":2},"end":{"line":176,"column":null}},"type":"if","locations":[{"start":{"line":174,"column":2},"end":{"line":176,"column":null}},{"start":{},"end":{}}],"line":174},"37":{"loc":{"start":{"line":174,"column":6},"end":{"line":174,"column":45}},"type":"binary-expr","locations":[{"start":{"line":174,"column":6},"end":{"line":174,"column":29}},{"start":{"line":174,"column":29},"end":{"line":174,"column":45}}],"line":174},"38":{"loc":{"start":{"line":178,"column":2},"end":{"line":180,"column":null}},"type":"if","locations":[{"start":{"line":178,"column":2},"end":{"line":180,"column":null}},{"start":{},"end":{}}],"line":178},"39":{"loc":{"start":{"line":182,"column":2},"end":{"line":184,"column":null}},"type":"if","locations":[{"start":{"line":182,"column":2},"end":{"line":184,"column":null}},{"start":{},"end":{}}],"line":182},"40":{"loc":{"start":{"line":182,"column":6},"end":{"line":182,"column":64}},"type":"binary-expr","locations":[{"start":{"line":182,"column":6},"end":{"line":182,"column":36}},{"start":{"line":182,"column":36},"end":{"line":182,"column":64}}],"line":182},"41":{"loc":{"start":{"line":190,"column":2},"end":{"line":192,"column":null}},"type":"if","locations":[{"start":{"line":190,"column":2},"end":{"line":192,"column":null}},{"start":{},"end":{}}],"line":190},"42":{"loc":{"start":{"line":190,"column":6},"end":{"line":190,"column":45}},"type":"binary-expr","locations":[{"start":{"line":190,"column":6},"end":{"line":190,"column":29}},{"start":{"line":190,"column":29},"end":{"line":190,"column":45}}],"line":190},"43":{"loc":{"start":{"line":194,"column":2},"end":{"line":196,"column":null}},"type":"if","locations":[{"start":{"line":194,"column":2},"end":{"line":196,"column":null}},{"start":{},"end":{}}],"line":194},"44":{"loc":{"start":{"line":198,"column":2},"end":{"line":200,"column":null}},"type":"if","locations":[{"start":{"line":198,"column":2},"end":{"line":200,"column":null}},{"start":{},"end":{}}],"line":198},"45":{"loc":{"start":{"line":198,"column":6},"end":{"line":198,"column":76}},"type":"binary-expr","locations":[{"start":{"line":198,"column":6},"end":{"line":198,"column":42}},{"start":{"line":198,"column":42},"end":{"line":198,"column":76}}],"line":198},"46":{"loc":{"start":{"line":236,"column":2},"end":{"line":236,"column":null}},"type":"if","locations":[{"start":{"line":236,"column":2},"end":{"line":236,"column":null}},{"start":{},"end":{}}],"line":236},"47":{"loc":{"start":{"line":239,"column":2},"end":{"line":239,"column":null}},"type":"if","locations":[{"start":{"line":239,"column":2},"end":{"line":239,"column":null}},{"start":{},"end":{}}],"line":239},"48":{"loc":{"start":{"line":242,"column":2},"end":{"line":242,"column":null}},"type":"if","locations":[{"start":{"line":242,"column":2},"end":{"line":242,"column":null}},{"start":{},"end":{}}],"line":242},"49":{"loc":{"start":{"line":245,"column":2},"end":{"line":245,"column":null}},"type":"if","locations":[{"start":{"line":245,"column":2},"end":{"line":245,"column":null}},{"start":{},"end":{}}],"line":245},"50":{"loc":{"start":{"line":248,"column":2},"end":{"line":248,"column":null}},"type":"if","locations":[{"start":{"line":248,"column":2},"end":{"line":248,"column":null}},{"start":{},"end":{}}],"line":248},"51":{"loc":{"start":{"line":251,"column":2},"end":{"line":251,"column":null}},"type":"if","locations":[{"start":{"line":251,"column":2},"end":{"line":251,"column":null}},{"start":{},"end":{}}],"line":251},"52":{"loc":{"start":{"line":254,"column":2},"end":{"line":254,"column":null}},"type":"if","locations":[{"start":{"line":254,"column":2},"end":{"line":254,"column":null}},{"start":{},"end":{}}],"line":254},"53":{"loc":{"start":{"line":257,"column":2},"end":{"line":257,"column":null}},"type":"if","locations":[{"start":{"line":257,"column":2},"end":{"line":257,"column":null}},{"start":{},"end":{}}],"line":257},"54":{"loc":{"start":{"line":260,"column":2},"end":{"line":260,"column":null}},"type":"if","locations":[{"start":{"line":260,"column":2},"end":{"line":260,"column":null}},{"start":{},"end":{}}],"line":260},"55":{"loc":{"start":{"line":263,"column":2},"end":{"line":263,"column":null}},"type":"if","locations":[{"start":{"line":263,"column":2},"end":{"line":263,"column":null}},{"start":{},"end":{}}],"line":263}},"s":{"0":0,"1":0,"2":0,"3":0,"4":0,"5":0,"6":0,"7":0,"8":0,"9":0,"10":0,"11":0,"12":0,"13":0,"14":0,"15":0,"16":0,"17":0,"18":0,"19":0,"20":0,"21":0,"22":0,"23":0,"24":0,"25":0,"26":0,"27":0,"28":0,"29":0,"30":0,"31":0,"32":0,"33":0,"34":0,"35":0,"36":0,"37":0,"38":0,"39":0,"40":0,"41":0,"42":0,"43":0,"44":0,"45":0,"46":0,"47":0,"48":0,"49":0,"50":0,"51":0,"52":0,"53":0,"54":0,"55":0,"56":0,"57":0,"58":0,"59":0,"60":0,"61":0,"62":0,"63":0,"64":0,"65":0,"66":0,"67":0,"68":0,"69":0,"70":0,"71":0,"72":0,"73":0,"74":0,"75":0,"76":0,"77":0,"78":0,"79":0,"80":0,"81":0,"82":0,"83":0,"84":0,"85":0,"86":0,"87":0,"88":0,"89":0,"90":0,"91":0,"92":0,"93":0,"94":0,"95":0,"96":0,"97":0,"98":0,"99":0,"100":0,"101":0,"102":0,"103":0,"104":0,"105":0,"106":0,"107":0,"108":0,"109":0,"110":0,"111":0,"112":0,"113":0,"114":0,"115":0,"116":0,"117":0,"118":0,"119":0,"120":0,"121":0,"122":0},"f":{"0":0,"1":0,"2":0,"3":0,"4":0,"5":0,"6":0,"7":0,"8":0,"9":0,"10":0,"11":0},"b":{"0":[0,0],"1":[0,0],"2":[0,0],"3":[0,0],"4":[0,0],"5":[0,0],"6":[0,0],"7":[0,0],"8":[0,0],"9":[0,0],"10":[0,0],"11":[0,0],"12":[0,0],"13":[0,0],"14":[0,0],"15":[0,0],"16":[0,0],"17":[0,0],"18":[0,0],"19":[0,0],"20":[0,0],"21":[0,0],"22":[0,0],"23":[0,0],"24":[0,0],"25":[0,0],"26":[0,0],"27":[0,0],"28":[0,0],"29":[0,0],"30":[0,0],"31":[0,0],"32":[0,0],"33":[0,0],"34":[0,0],"35":[0,0],"36":[0,0],"37":[0,0],"38":[0,0],"39":[0,0],"40":[0,0],"41":[0,0],"42":[0,0],"43":[0,0],"44":[0,0],"45":[0,0],"46":[0,0],"47":[0,0],"48":[0,0],"49":[0,0],"50":[0,0],"51":[0,0],"52":[0,0],"53":[0,0],"54":[0,0],"55":[0,0]},"meta":{"lastBranch":56,"lastFunction":12,"lastStatement":123,"seen":{"s:7:32:7:Infinity":0,"s:8:32:8:Infinity":1,"s:9:33:9:Infinity":2,"s:11:26:11:Infinity":3,"s:12:26:12:Infinity":4,"s:14:29:14:Infinity":5,"s:17:30:17:Infinity":6,"s:20:31:20:Infinity":7,"s:21:31:21:Infinity":8,"s:23:31:23:Infinity":9,"s:24:31:24:Infinity":10,"s:26:28:26:Infinity":11,"s:27:28:27:Infinity":12,"s:29:34:29:Infinity":13,"s:30:34:30:Infinity":14,"s:32:40:32:Infinity":15,"s:33:40:33:Infinity":16,"f:37:16:37:42":0,"b:38:2:40:Infinity:undefined:undefined:undefined:undefined":0,"s:38:2:40:Infinity":17,"b:38:6:38:16:38:16:38:43":1,"s:39:4:39:Infinity":18,"b:42:2:44:Infinity:undefined:undefined:undefined:undefined":2,"s:42:2:44:Infinity":19,"s:43:4:43:Infinity":20,"s:46:2:46:Infinity":21,"f:49:16:49:36":1,"b:50:2:52:Infinity:undefined:undefined:undefined:undefined":3,"s:50:2:52:Infinity":22,"b:50:6:50:24:50:24:50:45":4,"s:51:4:51:Infinity":23,"b:54:2:56:Infinity:undefined:undefined:undefined:undefined":5,"s:54:2:56:Infinity":24,"s:55:4:55:Infinity":25,"b:58:2:60:Infinity:undefined:undefined:undefined:undefined":6,"s:58:2:60:Infinity":26,"b:58:6:58:34:58:34:58:60":7,"s:59:4:59:Infinity":27,"s:63:8:63:Infinity":28,"b:64:2:66:Infinity:undefined:undefined:undefined:undefined":8,"s:64:2:66:Infinity":29,"s:65:4:65:Infinity":30,"s:68:2:68:Infinity":31,"f:71:16:71:38":2,"b:72:2:74:Infinity:undefined:undefined:undefined:undefined":9,"s:72:2:74:Infinity":32,"b:72:6:72:24:72:24:72:45":10,"s:73:4:73:Infinity":33,"b:76:2:78:Infinity:undefined:undefined:undefined:undefined":11,"s:76:2:78:Infinity":34,"s:77:4:77:Infinity":35,"b:80:2:82:Infinity:undefined:undefined:undefined:undefined":12,"s:80:2:82:Infinity":36,"s:81:4:81:Infinity":37,"b:84:2:86:Infinity:undefined:undefined:undefined:undefined":13,"s:84:2:86:Infinity":38,"b:84:6:84:28:84:28:84:48":14,"s:85:4:85:Infinity":39,"s:88:2:88:Infinity":40,"f:91:16:91:36":3,"b:92:2:94:Infinity:undefined:undefined:undefined:undefined":15,"s:92:2:94:Infinity":41,"s:93:4:93:Infinity":42,"b:96:2:98:Infinity:undefined:undefined:undefined:undefined":16,"s:96:2:98:Infinity":43,"s:97:4:97:Infinity":44,"s:100:2:100:Infinity":45,"f:103:16:103:37":4,"b:104:2:106:Infinity:undefined:undefined:undefined:undefined":17,"s:104:2:106:Infinity":46,"s:105:4:105:Infinity":47,"b:108:2:110:Infinity:undefined:undefined:undefined:undefined":18,"s:108:2:110:Infinity":48,"s:109:4:109:Infinity":49,"s:112:2:112:Infinity":50,"f:117:16:117:35":5,"b:118:2:120:Infinity:undefined:undefined:undefined:undefined":19,"s:118:2:120:Infinity":51,"b:118:6:118:29:118:29:118:45":20,"s:119:4:119:Infinity":52,"b:122:2:124:Infinity:undefined:undefined:undefined:undefined":21,"s:122:2:124:Infinity":53,"s:123:4:123:Infinity":54,"b:126:2:128:Infinity:undefined:undefined:undefined:undefined":22,"s:126:2:128:Infinity":55,"b:126:6:126:33:126:33:126:58":23,"s:127:4:127:Infinity":56,"s:130:2:130:Infinity":57,"f:133:16:133:42":6,"b:134:2:136:Infinity:undefined:undefined:undefined:undefined":24,"s:134:2:136:Infinity":58,"b:134:6:134:29:134:29:134:45":25,"s:135:4:135:Infinity":59,"b:138:2:140:Infinity:undefined:undefined:undefined:undefined":26,"s:138:2:140:Infinity":60,"s:139:4:139:Infinity":61,"b:142:2:144:Infinity:undefined:undefined:undefined:undefined":27,"s:142:2:144:Infinity":62,"s:143:4:143:Infinity":63,"b:146:2:148:Infinity:undefined:undefined:undefined:undefined":28,"s:146:2:148:Infinity":64,"b:146:6:146:33:146:33:146:58":29,"s:147:4:147:Infinity":65,"s:150:2:150:Infinity":66,"f:153:16:153:39":7,"b:154:2:156:Infinity:undefined:undefined:undefined:undefined":30,"s:154:2:156:Infinity":67,"b:154:6:154:29:154:29:154:45":31,"s:155:4:155:Infinity":68,"b:158:2:160:Infinity:undefined:undefined:undefined:undefined":32,"s:158:2:160:Infinity":69,"s:159:4:159:Infinity":70,"b:162:2:164:Infinity:undefined:undefined:undefined:undefined":33,"s:162:2:164:Infinity":71,"s:163:4:163:Infinity":72,"b:166:2:168:Infinity:undefined:undefined:undefined:undefined":34,"s:166:2:168:Infinity":73,"b:166:6:166:30:166:30:166:52":35,"s:167:4:167:Infinity":74,"s:170:2:170:Infinity":75,"f:173:16:173:38":8,"b:174:2:176:Infinity:undefined:undefined:undefined:undefined":36,"s:174:2:176:Infinity":76,"b:174:6:174:29:174:29:174:45":37,"s:175:4:175:Infinity":77,"b:178:2:180:Infinity:undefined:undefined:undefined:undefined":38,"s:178:2:180:Infinity":78,"s:179:4:179:Infinity":79,"b:182:2:184:Infinity:undefined:undefined:undefined:undefined":39,"s:182:2:184:Infinity":80,"b:182:6:182:36:182:36:182:64":40,"s:183:4:183:Infinity":81,"s:186:2:186:Infinity":82,"f:189:16:189:43":9,"b:190:2:192:Infinity:undefined:undefined:undefined:undefined":41,"s:190:2:192:Infinity":83,"b:190:6:190:29:190:29:190:45":42,"s:191:4:191:Infinity":84,"b:194:2:196:Infinity:undefined:undefined:undefined:undefined":43,"s:194:2:196:Infinity":85,"s:195:4:195:Infinity":86,"b:198:2:200:Infinity:undefined:undefined:undefined:undefined":44,"s:198:2:200:Infinity":87,"b:198:6:198:42:198:42:198:76":45,"s:199:4:199:Infinity":88,"s:202:2:202:Infinity":89,"f:232:16:232:38":10,"s:233:35:233:Infinity":90,"s:235:20:235:Infinity":91,"b:236:2:236:Infinity:undefined:undefined:undefined:undefined":46,"s:236:2:236:Infinity":92,"s:236:17:236:Infinity":93,"s:238:27:238:Infinity":94,"b:239:2:239:Infinity:undefined:undefined:undefined:undefined":47,"s:239:2:239:Infinity":95,"s:239:24:239:Infinity":96,"s:241:22:241:Infinity":97,"b:242:2:242:Infinity:undefined:undefined:undefined:undefined":48,"s:242:2:242:Infinity":98,"s:242:19:242:Infinity":99,"s:244:23:244:Infinity":100,"b:245:2:245:Infinity:undefined:undefined:undefined:undefined":49,"s:245:2:245:Infinity":101,"s:245:20:245:Infinity":102,"s:247:23:247:Infinity":103,"b:248:2:248:Infinity:undefined:undefined:undefined:undefined":50,"s:248:2:248:Infinity":104,"s:248:20:248:Infinity":105,"s:250:26:250:Infinity":106,"b:251:2:251:Infinity:undefined:undefined:undefined:undefined":51,"s:251:2:251:Infinity":107,"s:251:23:251:Infinity":108,"s:253:26:253:Infinity":109,"b:254:2:254:Infinity:undefined:undefined:undefined:undefined":52,"s:254:2:254:Infinity":110,"s:254:23:254:Infinity":111,"s:256:23:256:Infinity":112,"b:257:2:257:Infinity:undefined:undefined:undefined:undefined":53,"s:257:2:257:Infinity":113,"s:257:20:257:Infinity":114,"s:259:29:259:Infinity":115,"b:260:2:260:Infinity:undefined:undefined:undefined:undefined":54,"s:260:2:260:Infinity":116,"s:260:26:260:Infinity":117,"s:262:34:262:Infinity":118,"b:263:2:263:Infinity:undefined:undefined:undefined:undefined":55,"s:263:2:263:Infinity":119,"s:263:31:263:Infinity":120,"s:265:2:265:Infinity":121,"f:268:16:268:36":11,"s:269:2:269:Infinity":122}}}
}
